<?xml version="1.0" encoding="UTF-8"?>
<!-- Generated by org.testng.reporters.JUnitXMLReporter -->
<testsuite ignored="0" hostname="Macs-MacBook-Pro.local" failures="1" tests="2" name="Tests Order Product CMS Firefox" time="135.906" errors="0" timestamp="2023-11-01T14:17:55 IST">
  <testcase classname="com.anhtester.projects.cms.testcases.OrderTest" name="TC_OrderProduct" time="66.177">
    <skipped/>
  </testcase> <!-- TC_OrderProduct -->
  <testcase classname="com.anhtester.projects.cms.testcases.OrderTest" name="TC_OrderProduct" time="40.091">
    <failure type="java.lang.AssertionError" message="Element not exist. By.xpath: //div[@id=&amp;apos;search-content&amp;apos;]//div[contains(text(),&amp;apos;Gio qua Tet hquHA&amp;apos;)]">
      <![CDATA[java.lang.AssertionError: Element not exist. By.xpath: //div[@id='search-content']//div[contains(text(),'Gio qua Tet hquHA')]
at com.anhtester.keywords.WebUI.waitForElementPresent(WebUI.java:3086)
at com.anhtester.keywords.WebUI.waitForElementVisible(WebUI.java:2994)
at com.anhtester.keywords.WebUI.clickElement(WebUI.java:2678)
at com.anhtester.projects.cms.users.pages.order.OrderPage.order(OrderPage.java:49)
at com.anhtester.projects.cms.testcases.OrderTest.TC_OrderProduct(OrderTest.java:19)
at java.base/java.util.ArrayList.forEach(ArrayList.java:1596)
at java.base/java.util.concurrent.FutureTask.run(FutureTask.java:317)
at java.base/java.util.concurrent.ThreadPoolExecutor.runWorker(ThreadPoolExecutor.java:1144)
at java.base/java.util.concurrent.ThreadPoolExecutor$Worker.run(ThreadPoolExecutor.java:642)
at java.base/java.lang.Thread.run(Thread.java:1583)
... Removed 16 stack frames]]>
    </failure>
  </testcase> <!-- TC_OrderProduct -->
</testsuite> <!-- Tests Order Product CMS Firefox -->
