<?xml version="1.0" encoding="UTF-8"?>
<!-- Generated by org.testng.reporters.JUnitXMLReporter -->
<testsuite ignored="0" hostname="Macs-MacBook-Pro.local" failures="1" tests="2" name="Tests Order Product CMS Chrome" time="119.233" errors="0" timestamp="2023-11-02T10:47:15 IST">
  <testcase classname="com.anhtester.projects.cms.testcases.OrderTest" name="TC_OrderProduct" time="43.018">
    <skipped/>
  </testcase> <!-- TC_OrderProduct -->
  <testcase classname="com.anhtester.projects.cms.testcases.OrderTest" name="TC_OrderProduct" time="65.473">
    <failure type="java.lang.AssertionError" message="Add to cart is failedBy.xpath: //h3[normalize-space()=&amp;apos;Item added to your cart!&amp;apos;]">
      <![CDATA[java.lang.AssertionError: Add to cart is failedBy.xpath: //h3[normalize-space()='Item added to your cart!']
at com.anhtester.keywords.WebUI.verifyElementVisible(WebUI.java:2068)
at com.anhtester.projects.cms.users.pages.order.OrderPage.order(OrderPage.java:73)
at com.anhtester.projects.cms.testcases.OrderTest.TC_OrderProduct(OrderTest.java:19)
at java.base/java.util.concurrent.ThreadPoolExecutor.runWorker(ThreadPoolExecutor.java:1144)
at java.base/java.util.concurrent.ThreadPoolExecutor$Worker.run(ThreadPoolExecutor.java:642)
at java.base/java.lang.Thread.run(Thread.java:1583)
... Removed 11 stack frames]]>
    </failure>
  </testcase> <!-- TC_OrderProduct -->
</testsuite> <!-- Tests Order Product CMS Chrome -->
