<?xml version="1.0" encoding="UTF-8"?>
<!-- Generated by org.testng.reporters.JUnitXMLReporter -->
<testsuite ignored="0" hostname="Macs-MacBook-Pro.local" failures="1" tests="2" name="Tests Order Product CMS Safari" time="47.945" errors="0" timestamp="2023-11-01T14:16:32 IST">
  <testcase classname="com.anhtester.projects.cms.testcases.OrderTest" name="TC_OrderProduct" time="19.537">
    <skipped/>
  </testcase> <!-- TC_OrderProduct -->
  <testcase classname="com.anhtester.projects.cms.testcases.OrderTest" name="TC_OrderProduct" time="13.871">
    <failure type="org.openqa.selenium.WebDriverException" message="Build info: version: &amp;apos;4.14.1&amp;apos;, revision: &amp;apos;03f8ede370&amp;apos;
System info: os.name: &amp;apos;Mac OS X&amp;apos;, os.arch: &amp;apos;x86_64&amp;apos;, os.version: &amp;apos;10.15.7&amp;apos;, java.version: &amp;apos;21&amp;apos;
Driver info: org.openqa.selenium.safari.SafariDriver
Command: [DFA5E287-91C4-4C38-9893-9B3ACF0FE484, clickElement {id=node-0DA4DD7A-ACC7-4DF2-8AB6-263F8D8C1638}]
Capabilities {acceptInsecureCerts: false, browserName: Safari, browserVersion: 15.6.1, platformName: mac, safari:automaticInspection: false, safari:automaticProfiling: false, safari:diagnose: false, safari:platformBuildVersion: 19H2026, safari:platformVersion: 10.15.7, safari:useSimulator: false, setWindowRect: true, strictFileInteractability: false, webkit:WebRTC: {DisableICECandidateFiltering: false, DisableInsecureMediaCapture: false}}
Element: [[SafariDriver: Safari on mac (DFA5E287-91C4-4C38-9893-9B3ACF0FE484)] -&amp;gt; xpath: (//a[normalize-space()=&amp;apos;Registration&amp;apos;]/parent::li)/preceding-sibling::li]
Session ID: DFA5E287-91C4-4C38-9893-9B3ACF0FE484">
      <![CDATA[org.openqa.selenium.WebDriverException: Build info: version: '4.14.1', revision: '03f8ede370'
System info: os.name: 'Mac OS X', os.arch: 'x86_64', os.version: '10.15.7', java.version: '21'
Driver info: org.openqa.selenium.safari.SafariDriver
Command: [DFA5E287-91C4-4C38-9893-9B3ACF0FE484, clickElement {id=node-0DA4DD7A-ACC7-4DF2-8AB6-263F8D8C1638}]
Capabilities {acceptInsecureCerts: false, browserName: Safari, browserVersion: 15.6.1, platformName: mac, safari:automaticInspection: false, safari:automaticProfiling: false, safari:diagnose: false, safari:platformBuildVersion: 19H2026, safari:platformVersion: 10.15.7, safari:useSimulator: false, setWindowRect: true, strictFileInteractability: false, webkit:WebRTC: {DisableICECandidateFiltering: false, DisableInsecureMediaCapture: false}}
Element: [[SafariDriver: Safari on mac (DFA5E287-91C4-4C38-9893-9B3ACF0FE484)] -> xpath: (//a[normalize-space()='Registration']/parent::li)/preceding-sibling::li]
Session ID: DFA5E287-91C4-4C38-9893-9B3ACF0FE484
at org.openqa.selenium.remote.codec.w3c.W3CHttpResponseCodec.createException(W3CHttpResponseCodec.java:200)
at org.openqa.selenium.remote.codec.w3c.W3CHttpResponseCodec.decode(W3CHttpResponseCodec.java:133)
at org.openqa.selenium.remote.codec.w3c.W3CHttpResponseCodec.decode(W3CHttpResponseCodec.java:52)
at org.openqa.selenium.remote.HttpCommandExecutor.execute(HttpCommandExecutor.java:191)
at org.openqa.selenium.remote.service.DriverCommandExecutor.invokeExecute(DriverCommandExecutor.java:200)
at org.openqa.selenium.remote.service.DriverCommandExecutor.execute(DriverCommandExecutor.java:175)
at org.openqa.selenium.remote.RemoteWebDriver.execute(RemoteWebDriver.java:602)
at org.openqa.selenium.remote.RemoteWebElement.execute(RemoteWebElement.java:224)
at org.openqa.selenium.remote.RemoteWebElement.click(RemoteWebElement.java:77)
at com.anhtester.keywords.WebUI.clickElement(WebUI.java:2678)
at com.anhtester.projects.cms.admin.pages.logins.LoginPageCMS.openLoginPage(LoginPageCMS.java:34)
at com.anhtester.projects.cms.admin.pages.logins.LoginPageCMS.loginSuccessWithCustomerAccount(LoginPageCMS.java:86)
at com.anhtester.projects.cms.testcases.OrderTest.TC_OrderProduct(OrderTest.java:18)
at java.base/java.util.ArrayList.forEach(ArrayList.java:1596)
at java.base/java.util.concurrent.FutureTask.run(FutureTask.java:317)
at java.base/java.util.concurrent.ThreadPoolExecutor.runWorker(ThreadPoolExecutor.java:1144)
at java.base/java.util.concurrent.ThreadPoolExecutor$Worker.run(ThreadPoolExecutor.java:642)
at java.base/java.lang.Thread.run(Thread.java:1583)
... Removed 18 stack frames]]>
    </failure>
  </testcase> <!-- TC_OrderProduct -->
</testsuite> <!-- Tests Order Product CMS Safari -->
