<?xml version="1.0" encoding="UTF-8"?>
<!-- Generated by org.testng.reporters.JUnitXMLReporter -->
<testsuite ignored="0" hostname="Macs-MacBook-Pro.local" failures="1" tests="2" name="Tests Order Product CMS Edge" time="177.525" errors="0" timestamp="2023-11-01T14:18:42 IST">
  <testcase classname="com.anhtester.projects.cms.testcases.OrderTest" name="TC_OrderProduct" time="99.472">
    <skipped/>
  </testcase> <!-- TC_OrderProduct -->
  <testcase classname="com.anhtester.projects.cms.testcases.OrderTest" name="TC_OrderProduct" time="47.711">
    <failure type="java.lang.AssertionError" message="Add to cart is failed. By.xpath: //h3[normalize-space()=&amp;apos;Item added to your cart!&amp;apos;]">
      <![CDATA[java.lang.AssertionError: Add to cart is failed. By.xpath: //h3[normalize-space()='Item added to your cart!']
at com.anhtester.keywords.WebUI.verifyElementVisible(WebUI.java:2068)
at com.anhtester.projects.cms.users.pages.order.OrderPage.order(OrderPage.java:55)
at com.anhtester.projects.cms.testcases.OrderTest.TC_OrderProduct(OrderTest.java:19)
at java.base/java.util.ArrayList.forEach(ArrayList.java:1596)
at java.base/java.util.concurrent.FutureTask.run(FutureTask.java:317)
at java.base/java.util.concurrent.ThreadPoolExecutor.runWorker(ThreadPoolExecutor.java:1144)
at java.base/java.util.concurrent.ThreadPoolExecutor$Worker.run(ThreadPoolExecutor.java:642)
at java.base/java.lang.Thread.run(Thread.java:1583)
... Removed 16 stack frames]]>
    </failure>
  </testcase> <!-- TC_OrderProduct -->
</testsuite> <!-- Tests Order Product CMS Edge -->
