<html>
<head>
<title>TestNG:  Login Test CMS Edge</title>
<link href="../testng.css" rel="stylesheet" type="text/css" />
<link href="../my-testng.css" rel="stylesheet" type="text/css" />

<style type="text/css">
.log { display: none;} 
.stack-trace { display: none;} 
</style>
<script type="text/javascript">
<!--
function flip(e) {
  current = e.style.display;
  if (current == 'block') {
    e.style.display = 'none';
    return 0;
  }
  else {
    e.style.display = 'block';
    return 1;
  }
}

function toggleBox(szDivId, elem, msg1, msg2)
{
  var res = -1;  if (document.getElementById) {
    res = flip(document.getElementById(szDivId));
  }
  else if (document.all) {
    // this is the way old msie versions work
    res = flip(document.all[szDivId]);
  }
  if(elem) {
    if(res == 0) elem.innerHTML = msg1; else elem.innerHTML = msg2;
  }

}

function toggleAllBoxes() {
  if (document.getElementsByTagName) {
    d = document.getElementsByTagName('div');
    for (i = 0; i < d.length; i++) {
      if (d[i].className == 'log') {
        flip(d[i]);
      }
    }
  }
}

// -->
</script>

</head>
<body>
<h2 align='center'>Login Test CMS Edge</h2><table border='1' align="center">
<tr>
<td>Tests passed/Failed/Skipped:</td><td>5/0/1</td>
</tr><tr>
<td>Started on:</td><td>Wed Nov 01 14:08:34 IST 2023</td>
</tr>
<tr><td>Total time:</td><td>267 seconds (267853 ms)</td>
</tr><tr>
<td>Included groups:</td><td></td>
</tr><tr>
<td>Excluded groups:</td><td></td>
</tr>
</table><p/>
<small><i>(Hover the method name to see the test class name)</i></small><p/>
<table width='100%' border='1' class='invocation-passed'>
<tr><td colspan='4' align='center'><b>PASSED TESTS</b></td></tr>
<tr><td><b>Test method</b></td>
<td><b>Attribute(s)</b></td>
<td width="30%"><b>Exception</b></td>
<td width="10%"><b>Time (seconds)</b></td>
<td><b>Instance</b></td>
</tr>
<tr>
<td title='com.anhtester.projects.cms.testcases.LoginTest.TC_LoginFailWithIncorrectPassword()'><b>TC_LoginFailWithIncorrectPassword</b><br>Test class: com.anhtester.projects.cms.testcases.LoginTest</td>
<td></td>
<td>21</td>
<td>com.anhtester.projects.cms.testcases.LoginTest@1ac730cd</td></tr>
<tr>
<td title='com.anhtester.projects.cms.testcases.LoginTest.TC_LoginSuccessWithCustomerAccount()'><b>TC_LoginSuccessWithCustomerAccount</b><br>Test class: com.anhtester.projects.cms.testcases.LoginTest</td>
<td></td>
<td>13</td>
<td>com.anhtester.projects.cms.testcases.LoginTest@1ac730cd</td></tr>
<tr>
<td title='com.anhtester.projects.cms.testcases.LoginTest.TC_LoginFailWithEmailNull()'><b>TC_LoginFailWithEmailNull</b><br>Test class: com.anhtester.projects.cms.testcases.LoginTest</td>
<td></td>
<td>31</td>
<td>com.anhtester.projects.cms.testcases.LoginTest@1ac730cd</td></tr>
<tr>
<td title='com.anhtester.projects.cms.testcases.LoginTest.TC_LoginFailWithNullPassword()'><b>TC_LoginFailWithNullPassword</b><br>Test class: com.anhtester.projects.cms.testcases.LoginTest</td>
<td></td>
<td>22</td>
<td>com.anhtester.projects.cms.testcases.LoginTest@1ac730cd</td></tr>
<tr>
<td title='com.anhtester.projects.cms.testcases.LoginTest.TC_LoginFailWithEmailDoesNotExist()'><b>TC_LoginFailWithEmailDoesNotExist</b><br>Test class: com.anhtester.projects.cms.testcases.LoginTest</td>
<td></td>
<td>50</td>
<td>com.anhtester.projects.cms.testcases.LoginTest@1ac730cd</td></tr>
</table><p>
<table width='100%' border='1' class='invocation-skipped'>
<tr><td colspan='4' align='center'><b>SKIPPED TESTS</b></td></tr>
<tr><td><b>Test method</b></td>
<td><b>Attribute(s)</b></td>
<td width="30%"><b>Exception</b></td>
<td width="10%"><b>Time (seconds)</b></td>
<td><b>Instance</b></td>
</tr>
<tr>
<td title='com.anhtester.projects.cms.testcases.LoginTest.TC_LoginFailWithEmailDoesNotExist()'><b>TC_LoginFailWithEmailDoesNotExist</b><br>Test class: com.anhtester.projects.cms.testcases.LoginTest</td>
<td><div><pre>java.lang.AssertionError: Email is incorrect but valid is NOT displayed.By.xpath: //span[@data-notify=&apos;message&apos;]
	at com.anhtester.keywords.WebUI.verifyElementVisible(WebUI.java:2068)
	at com.anhtester.projects.cms.admin.pages.logins.LoginPageCMS.loginFailWithEmailDoesNotExist(LoginPageCMS.java:60)
	at com.anhtester.projects.cms.testcases.LoginTest.TC_LoginFailWithEmailDoesNotExist(LoginTest.java:23)
	at java.base/java.util.ArrayList.forEach(ArrayList.java:1596)
	at java.base/java.util.concurrent.FutureTask.run(FutureTask.java:317)
	at java.base/java.util.concurrent.ThreadPoolExecutor.runWorker(ThreadPoolExecutor.java:1144)
	at java.base/java.util.concurrent.ThreadPoolExecutor$Worker.run(ThreadPoolExecutor.java:642)
	at java.base/java.lang.Thread.run(Thread.java:1583)
... Removed 16 stack frames</pre></div><a href='#' onClick='toggleBox("stack-trace593643423", this, "Click to show all stack frames", "Click to hide stack frames")'>Click to show all stack frames</a>
<div class='stack-trace' id='stack-trace593643423'><pre>java.lang.AssertionError: Email is incorrect but valid is NOT displayed.By.xpath: //span[@data-notify=&apos;message&apos;]
	at org.testng.Assert.fail(Assert.java:111)
	at com.anhtester.keywords.WebUI.verifyElementVisible(WebUI.java:2068)
	at com.anhtester.projects.cms.admin.pages.logins.LoginPageCMS.loginFailWithEmailDoesNotExist(LoginPageCMS.java:60)
	at com.anhtester.projects.cms.testcases.LoginTest.TC_LoginFailWithEmailDoesNotExist(LoginTest.java:23)
	at java.base/jdk.internal.reflect.DirectMethodHandleAccessor.invoke(DirectMethodHandleAccessor.java:103)
	at java.base/java.lang.reflect.Method.invoke(Method.java:580)
	at org.testng.internal.invokers.MethodInvocationHelper.invokeMethod(MethodInvocationHelper.java:139)
	at org.testng.internal.invokers.TestInvoker.invokeMethod(TestInvoker.java:664)
	at org.testng.internal.invokers.TestInvoker.invokeTestMethod(TestInvoker.java:227)
	at org.testng.internal.invokers.MethodRunner.runInSequence(MethodRunner.java:50)
	at org.testng.internal.invokers.TestInvoker$MethodInvocationAgent.invoke(TestInvoker.java:957)
	at org.testng.internal.invokers.TestInvoker.invokeTestMethods(TestInvoker.java:200)
	at org.testng.internal.invokers.TestMethodWorker.invokeTestMethods(TestMethodWorker.java:148)
	at org.testng.internal.invokers.TestMethodWorker.run(TestMethodWorker.java:128)
	at java.base/java.util.ArrayList.forEach(ArrayList.java:1596)
	at org.testng.TestRunner.privateRun(TestRunner.java:848)
	at org.testng.TestRunner.run(TestRunner.java:621)
	at org.testng.SuiteRunner.runTest(SuiteRunner.java:443)
	at org.testng.SuiteRunner$SuiteWorker.run(SuiteRunner.java:481)
	at org.testng.internal.thread.ThreadUtil.lambda$execute$0(ThreadUtil.java:58)
	at java.base/java.util.concurrent.FutureTask.run(FutureTask.java:317)
	at java.base/java.util.concurrent.ThreadPoolExecutor.runWorker(ThreadPoolExecutor.java:1144)
	at java.base/java.util.concurrent.ThreadPoolExecutor$Worker.run(ThreadPoolExecutor.java:642)
	at java.base/java.lang.Thread.run(Thread.java:1583)
</pre></div></td>
<td>47</td>
<td>com.anhtester.projects.cms.testcases.LoginTest@1ac730cd</td></tr>
</table><p>
</body>
</html>