<?xml version="1.0" encoding="UTF-8"?>
<!-- Generated by org.testng.reporters.JUnitXMLReporter -->
<testsuite ignored="0" hostname="Macs-MacBook-Pro.local" failures="5" tests="10" name="Login Test CMS Safari" time="249.176" errors="0" timestamp="2023-11-01T14:12:48 IST">
  <testcase classname="com.anhtester.projects.cms.testcases.LoginTest" name="TC_LoginFailWithEmailNull" time="13.736">
    <skipped/>
  </testcase> <!-- TC_LoginFailWithEmailNull -->
  <testcase classname="com.anhtester.projects.cms.testcases.LoginTest" name="TC_LoginFailWithEmailNull" time="14.544">
    <failure type="org.openqa.selenium.WebDriverException" message="Build info: version: &amp;apos;4.14.1&amp;apos;, revision: &amp;apos;03f8ede370&amp;apos;
System info: os.name: &amp;apos;Mac OS X&amp;apos;, os.arch: &amp;apos;x86_64&amp;apos;, os.version: &amp;apos;10.15.7&amp;apos;, java.version: &amp;apos;21&amp;apos;
Driver info: org.openqa.selenium.safari.SafariDriver
Command: [9ED59389-7CC0-4187-9DFC-A15C90D0D710, clickElement {id=node-CC1CC90E-5C4F-4F7F-9388-0825A61D9F50}]
Capabilities {acceptInsecureCerts: false, browserName: Safari, browserVersion: 15.6.1, platformName: mac, safari:automaticInspection: false, safari:automaticProfiling: false, safari:diagnose: false, safari:platformBuildVersion: 19H2026, safari:platformVersion: 10.15.7, safari:useSimulator: false, setWindowRect: true, strictFileInteractability: false, webkit:WebRTC: {DisableICECandidateFiltering: false, DisableInsecureMediaCapture: false}}
Element: [[SafariDriver: Safari on mac (9ED59389-7CC0-4187-9DFC-A15C90D0D710)] -&amp;gt; xpath: (//a[normalize-space()=&amp;apos;Registration&amp;apos;]/parent::li)/preceding-sibling::li]
Session ID: 9ED59389-7CC0-4187-9DFC-A15C90D0D710">
      <![CDATA[org.openqa.selenium.WebDriverException: Build info: version: '4.14.1', revision: '03f8ede370'
System info: os.name: 'Mac OS X', os.arch: 'x86_64', os.version: '10.15.7', java.version: '21'
Driver info: org.openqa.selenium.safari.SafariDriver
Command: [9ED59389-7CC0-4187-9DFC-A15C90D0D710, clickElement {id=node-CC1CC90E-5C4F-4F7F-9388-0825A61D9F50}]
Capabilities {acceptInsecureCerts: false, browserName: Safari, browserVersion: 15.6.1, platformName: mac, safari:automaticInspection: false, safari:automaticProfiling: false, safari:diagnose: false, safari:platformBuildVersion: 19H2026, safari:platformVersion: 10.15.7, safari:useSimulator: false, setWindowRect: true, strictFileInteractability: false, webkit:WebRTC: {DisableICECandidateFiltering: false, DisableInsecureMediaCapture: false}}
Element: [[SafariDriver: Safari on mac (9ED59389-7CC0-4187-9DFC-A15C90D0D710)] -> xpath: (//a[normalize-space()='Registration']/parent::li)/preceding-sibling::li]
Session ID: 9ED59389-7CC0-4187-9DFC-A15C90D0D710
at org.openqa.selenium.remote.codec.w3c.W3CHttpResponseCodec.createException(W3CHttpResponseCodec.java:200)
at org.openqa.selenium.remote.codec.w3c.W3CHttpResponseCodec.decode(W3CHttpResponseCodec.java:133)
at org.openqa.selenium.remote.codec.w3c.W3CHttpResponseCodec.decode(W3CHttpResponseCodec.java:52)
at org.openqa.selenium.remote.HttpCommandExecutor.execute(HttpCommandExecutor.java:191)
at org.openqa.selenium.remote.service.DriverCommandExecutor.invokeExecute(DriverCommandExecutor.java:200)
at org.openqa.selenium.remote.service.DriverCommandExecutor.execute(DriverCommandExecutor.java:175)
at org.openqa.selenium.remote.RemoteWebDriver.execute(RemoteWebDriver.java:602)
at org.openqa.selenium.remote.RemoteWebElement.execute(RemoteWebElement.java:224)
at org.openqa.selenium.remote.RemoteWebElement.click(RemoteWebElement.java:77)
at com.anhtester.keywords.WebUI.clickElement(WebUI.java:2678)
at com.anhtester.projects.cms.admin.pages.logins.LoginPageCMS.openLoginPage(LoginPageCMS.java:34)
at com.anhtester.projects.cms.admin.pages.logins.LoginPageCMS.loginFailWithEmailNull(LoginPageCMS.java:44)
at com.anhtester.projects.cms.testcases.LoginTest.TC_LoginFailWithEmailNull(LoginTest.java:16)
at java.base/java.util.ArrayList.forEach(ArrayList.java:1596)
at java.base/java.util.concurrent.FutureTask.run(FutureTask.java:317)
at java.base/java.util.concurrent.ThreadPoolExecutor.runWorker(ThreadPoolExecutor.java:1144)
at java.base/java.util.concurrent.ThreadPoolExecutor$Worker.run(ThreadPoolExecutor.java:642)
at java.base/java.lang.Thread.run(Thread.java:1583)
... Removed 18 stack frames]]>
    </failure>
  </testcase> <!-- TC_LoginFailWithEmailNull -->
  <testcase classname="com.anhtester.projects.cms.testcases.LoginTest" name="TC_LoginFailWithEmailDoesNotExist" time="8.658">
    <skipped/>
  </testcase> <!-- TC_LoginFailWithEmailDoesNotExist -->
  <testcase classname="com.anhtester.projects.cms.testcases.LoginTest" name="TC_LoginFailWithEmailDoesNotExist" time="18.035">
    <failure type="org.openqa.selenium.WebDriverException" message="Build info: version: &amp;apos;4.14.1&amp;apos;, revision: &amp;apos;03f8ede370&amp;apos;
System info: os.name: &amp;apos;Mac OS X&amp;apos;, os.arch: &amp;apos;x86_64&amp;apos;, os.version: &amp;apos;10.15.7&amp;apos;, java.version: &amp;apos;21&amp;apos;
Driver info: org.openqa.selenium.safari.SafariDriver
Command: [9D4BFE34-C205-4DF3-9249-4A88FF320E98, clickElement {id=node-A75E9124-0D19-4A89-BDB1-1DC71B195E4E}]
Capabilities {acceptInsecureCerts: false, browserName: Safari, browserVersion: 15.6.1, platformName: mac, safari:automaticInspection: false, safari:automaticProfiling: false, safari:diagnose: false, safari:platformBuildVersion: 19H2026, safari:platformVersion: 10.15.7, safari:useSimulator: false, setWindowRect: true, strictFileInteractability: false, webkit:WebRTC: {DisableICECandidateFiltering: false, DisableInsecureMediaCapture: false}}
Element: [[SafariDriver: Safari on mac (9D4BFE34-C205-4DF3-9249-4A88FF320E98)] -&amp;gt; xpath: (//a[normalize-space()=&amp;apos;Registration&amp;apos;]/parent::li)/preceding-sibling::li]
Session ID: 9D4BFE34-C205-4DF3-9249-4A88FF320E98">
      <![CDATA[org.openqa.selenium.WebDriverException: Build info: version: '4.14.1', revision: '03f8ede370'
System info: os.name: 'Mac OS X', os.arch: 'x86_64', os.version: '10.15.7', java.version: '21'
Driver info: org.openqa.selenium.safari.SafariDriver
Command: [9D4BFE34-C205-4DF3-9249-4A88FF320E98, clickElement {id=node-A75E9124-0D19-4A89-BDB1-1DC71B195E4E}]
Capabilities {acceptInsecureCerts: false, browserName: Safari, browserVersion: 15.6.1, platformName: mac, safari:automaticInspection: false, safari:automaticProfiling: false, safari:diagnose: false, safari:platformBuildVersion: 19H2026, safari:platformVersion: 10.15.7, safari:useSimulator: false, setWindowRect: true, strictFileInteractability: false, webkit:WebRTC: {DisableICECandidateFiltering: false, DisableInsecureMediaCapture: false}}
Element: [[SafariDriver: Safari on mac (9D4BFE34-C205-4DF3-9249-4A88FF320E98)] -> xpath: (//a[normalize-space()='Registration']/parent::li)/preceding-sibling::li]
Session ID: 9D4BFE34-C205-4DF3-9249-4A88FF320E98
at org.openqa.selenium.remote.codec.w3c.W3CHttpResponseCodec.createException(W3CHttpResponseCodec.java:200)
at org.openqa.selenium.remote.codec.w3c.W3CHttpResponseCodec.decode(W3CHttpResponseCodec.java:133)
at org.openqa.selenium.remote.codec.w3c.W3CHttpResponseCodec.decode(W3CHttpResponseCodec.java:52)
at org.openqa.selenium.remote.HttpCommandExecutor.execute(HttpCommandExecutor.java:191)
at org.openqa.selenium.remote.service.DriverCommandExecutor.invokeExecute(DriverCommandExecutor.java:200)
at org.openqa.selenium.remote.service.DriverCommandExecutor.execute(DriverCommandExecutor.java:175)
at org.openqa.selenium.remote.RemoteWebDriver.execute(RemoteWebDriver.java:602)
at org.openqa.selenium.remote.RemoteWebElement.execute(RemoteWebElement.java:224)
at org.openqa.selenium.remote.RemoteWebElement.click(RemoteWebElement.java:77)
at com.anhtester.keywords.WebUI.clickElement(WebUI.java:2678)
at com.anhtester.projects.cms.admin.pages.logins.LoginPageCMS.openLoginPage(LoginPageCMS.java:34)
at com.anhtester.projects.cms.admin.pages.logins.LoginPageCMS.loginFailWithEmailDoesNotExist(LoginPageCMS.java:53)
at com.anhtester.projects.cms.testcases.LoginTest.TC_LoginFailWithEmailDoesNotExist(LoginTest.java:23)
at java.base/java.util.ArrayList.forEach(ArrayList.java:1596)
at java.base/java.util.concurrent.FutureTask.run(FutureTask.java:317)
at java.base/java.util.concurrent.ThreadPoolExecutor.runWorker(ThreadPoolExecutor.java:1144)
at java.base/java.util.concurrent.ThreadPoolExecutor$Worker.run(ThreadPoolExecutor.java:642)
at java.base/java.lang.Thread.run(Thread.java:1583)
... Removed 18 stack frames]]>
    </failure>
  </testcase> <!-- TC_LoginFailWithEmailDoesNotExist -->
  <testcase classname="com.anhtester.projects.cms.testcases.LoginTest" name="TC_LoginFailWithNullPassword" time="11.898">
    <skipped/>
  </testcase> <!-- TC_LoginFailWithNullPassword -->
  <testcase classname="com.anhtester.projects.cms.testcases.LoginTest" name="TC_LoginFailWithNullPassword" time="18.458">
    <failure type="org.openqa.selenium.WebDriverException" message="Build info: version: &amp;apos;4.14.1&amp;apos;, revision: &amp;apos;03f8ede370&amp;apos;
System info: os.name: &amp;apos;Mac OS X&amp;apos;, os.arch: &amp;apos;x86_64&amp;apos;, os.version: &amp;apos;10.15.7&amp;apos;, java.version: &amp;apos;21&amp;apos;
Driver info: org.openqa.selenium.safari.SafariDriver
Command: [E28FD584-0253-4495-BF9C-68B949BE40E0, clickElement {id=node-CB083DB7-D520-4E6B-BBCF-DA4913EE59CD}]
Capabilities {acceptInsecureCerts: false, browserName: Safari, browserVersion: 15.6.1, platformName: mac, safari:automaticInspection: false, safari:automaticProfiling: false, safari:diagnose: false, safari:platformBuildVersion: 19H2026, safari:platformVersion: 10.15.7, safari:useSimulator: false, setWindowRect: true, strictFileInteractability: false, webkit:WebRTC: {DisableICECandidateFiltering: false, DisableInsecureMediaCapture: false}}
Element: [[SafariDriver: Safari on mac (E28FD584-0253-4495-BF9C-68B949BE40E0)] -&amp;gt; xpath: (//a[normalize-space()=&amp;apos;Registration&amp;apos;]/parent::li)/preceding-sibling::li]
Session ID: E28FD584-0253-4495-BF9C-68B949BE40E0">
      <![CDATA[org.openqa.selenium.WebDriverException: Build info: version: '4.14.1', revision: '03f8ede370'
System info: os.name: 'Mac OS X', os.arch: 'x86_64', os.version: '10.15.7', java.version: '21'
Driver info: org.openqa.selenium.safari.SafariDriver
Command: [E28FD584-0253-4495-BF9C-68B949BE40E0, clickElement {id=node-CB083DB7-D520-4E6B-BBCF-DA4913EE59CD}]
Capabilities {acceptInsecureCerts: false, browserName: Safari, browserVersion: 15.6.1, platformName: mac, safari:automaticInspection: false, safari:automaticProfiling: false, safari:diagnose: false, safari:platformBuildVersion: 19H2026, safari:platformVersion: 10.15.7, safari:useSimulator: false, setWindowRect: true, strictFileInteractability: false, webkit:WebRTC: {DisableICECandidateFiltering: false, DisableInsecureMediaCapture: false}}
Element: [[SafariDriver: Safari on mac (E28FD584-0253-4495-BF9C-68B949BE40E0)] -> xpath: (//a[normalize-space()='Registration']/parent::li)/preceding-sibling::li]
Session ID: E28FD584-0253-4495-BF9C-68B949BE40E0
at org.openqa.selenium.remote.codec.w3c.W3CHttpResponseCodec.createException(W3CHttpResponseCodec.java:200)
at org.openqa.selenium.remote.codec.w3c.W3CHttpResponseCodec.decode(W3CHttpResponseCodec.java:133)
at org.openqa.selenium.remote.codec.w3c.W3CHttpResponseCodec.decode(W3CHttpResponseCodec.java:52)
at org.openqa.selenium.remote.HttpCommandExecutor.execute(HttpCommandExecutor.java:191)
at org.openqa.selenium.remote.service.DriverCommandExecutor.invokeExecute(DriverCommandExecutor.java:200)
at org.openqa.selenium.remote.service.DriverCommandExecutor.execute(DriverCommandExecutor.java:175)
at org.openqa.selenium.remote.RemoteWebDriver.execute(RemoteWebDriver.java:602)
at org.openqa.selenium.remote.RemoteWebElement.execute(RemoteWebElement.java:224)
at org.openqa.selenium.remote.RemoteWebElement.click(RemoteWebElement.java:77)
at com.anhtester.keywords.WebUI.clickElement(WebUI.java:2678)
at com.anhtester.projects.cms.admin.pages.logins.LoginPageCMS.openLoginPage(LoginPageCMS.java:34)
at com.anhtester.projects.cms.admin.pages.logins.LoginPageCMS.loginFailWithNullPassword(LoginPageCMS.java:64)
at com.anhtester.projects.cms.testcases.LoginTest.TC_LoginFailWithNullPassword(LoginTest.java:30)
at java.base/java.util.ArrayList.forEach(ArrayList.java:1596)
at java.base/java.util.concurrent.FutureTask.run(FutureTask.java:317)
at java.base/java.util.concurrent.ThreadPoolExecutor.runWorker(ThreadPoolExecutor.java:1144)
at java.base/java.util.concurrent.ThreadPoolExecutor$Worker.run(ThreadPoolExecutor.java:642)
at java.base/java.lang.Thread.run(Thread.java:1583)
... Removed 18 stack frames]]>
    </failure>
  </testcase> <!-- TC_LoginFailWithNullPassword -->
  <testcase classname="com.anhtester.projects.cms.testcases.LoginTest" name="TC_LoginFailWithIncorrectPassword" time="13.653">
    <skipped/>
  </testcase> <!-- TC_LoginFailWithIncorrectPassword -->
  <testcase classname="com.anhtester.projects.cms.testcases.LoginTest" name="TC_LoginFailWithIncorrectPassword" time="22.456">
    <failure type="java.lang.AssertionError" message="Password is failed but valid is NOT displayed.By.xpath: //span[@data-notify=&amp;apos;message&amp;apos;]">
      <![CDATA[java.lang.AssertionError: Password is failed but valid is NOT displayed.By.xpath: //span[@data-notify='message']
at com.anhtester.keywords.WebUI.verifyElementVisible(WebUI.java:2068)
at com.anhtester.projects.cms.admin.pages.logins.LoginPageCMS.loginFailWithIncorrectPassword(LoginPageCMS.java:82)
at com.anhtester.projects.cms.testcases.LoginTest.TC_LoginFailWithIncorrectPassword(LoginTest.java:37)
at java.base/java.util.ArrayList.forEach(ArrayList.java:1596)
at java.base/java.util.concurrent.FutureTask.run(FutureTask.java:317)
at java.base/java.util.concurrent.ThreadPoolExecutor.runWorker(ThreadPoolExecutor.java:1144)
at java.base/java.util.concurrent.ThreadPoolExecutor$Worker.run(ThreadPoolExecutor.java:642)
at java.base/java.lang.Thread.run(Thread.java:1583)
... Removed 16 stack frames]]>
    </failure>
  </testcase> <!-- TC_LoginFailWithIncorrectPassword -->
  <testcase classname="com.anhtester.projects.cms.testcases.LoginTest" name="TC_LoginSuccessWithCustomerAccount" time="14.109">
    <skipped/>
  </testcase> <!-- TC_LoginSuccessWithCustomerAccount -->
  <testcase classname="com.anhtester.projects.cms.testcases.LoginTest" name="TC_LoginSuccessWithCustomerAccount" time="9.983">
    <failure type="org.openqa.selenium.WebDriverException" message="Build info: version: &amp;apos;4.14.1&amp;apos;, revision: &amp;apos;03f8ede370&amp;apos;
System info: os.name: &amp;apos;Mac OS X&amp;apos;, os.arch: &amp;apos;x86_64&amp;apos;, os.version: &amp;apos;10.15.7&amp;apos;, java.version: &amp;apos;21&amp;apos;
Driver info: org.openqa.selenium.safari.SafariDriver
Command: [6E44D21E-2373-4AA7-B3F4-1E4AF27C9A62, clickElement {id=node-1E83B27B-E295-495F-AABA-EBD18E52235C}]
Capabilities {acceptInsecureCerts: false, browserName: Safari, browserVersion: 15.6.1, platformName: mac, safari:automaticInspection: false, safari:automaticProfiling: false, safari:diagnose: false, safari:platformBuildVersion: 19H2026, safari:platformVersion: 10.15.7, safari:useSimulator: false, setWindowRect: true, strictFileInteractability: false, webkit:WebRTC: {DisableICECandidateFiltering: false, DisableInsecureMediaCapture: false}}
Element: [[SafariDriver: Safari on mac (6E44D21E-2373-4AA7-B3F4-1E4AF27C9A62)] -&amp;gt; xpath: (//a[normalize-space()=&amp;apos;Registration&amp;apos;]/parent::li)/preceding-sibling::li]
Session ID: 6E44D21E-2373-4AA7-B3F4-1E4AF27C9A62">
      <![CDATA[org.openqa.selenium.WebDriverException: Build info: version: '4.14.1', revision: '03f8ede370'
System info: os.name: 'Mac OS X', os.arch: 'x86_64', os.version: '10.15.7', java.version: '21'
Driver info: org.openqa.selenium.safari.SafariDriver
Command: [6E44D21E-2373-4AA7-B3F4-1E4AF27C9A62, clickElement {id=node-1E83B27B-E295-495F-AABA-EBD18E52235C}]
Capabilities {acceptInsecureCerts: false, browserName: Safari, browserVersion: 15.6.1, platformName: mac, safari:automaticInspection: false, safari:automaticProfiling: false, safari:diagnose: false, safari:platformBuildVersion: 19H2026, safari:platformVersion: 10.15.7, safari:useSimulator: false, setWindowRect: true, strictFileInteractability: false, webkit:WebRTC: {DisableICECandidateFiltering: false, DisableInsecureMediaCapture: false}}
Element: [[SafariDriver: Safari on mac (6E44D21E-2373-4AA7-B3F4-1E4AF27C9A62)] -> xpath: (//a[normalize-space()='Registration']/parent::li)/preceding-sibling::li]
Session ID: 6E44D21E-2373-4AA7-B3F4-1E4AF27C9A62
at org.openqa.selenium.remote.codec.w3c.W3CHttpResponseCodec.createException(W3CHttpResponseCodec.java:200)
at org.openqa.selenium.remote.codec.w3c.W3CHttpResponseCodec.decode(W3CHttpResponseCodec.java:133)
at org.openqa.selenium.remote.codec.w3c.W3CHttpResponseCodec.decode(W3CHttpResponseCodec.java:52)
at org.openqa.selenium.remote.HttpCommandExecutor.execute(HttpCommandExecutor.java:191)
at org.openqa.selenium.remote.service.DriverCommandExecutor.invokeExecute(DriverCommandExecutor.java:200)
at org.openqa.selenium.remote.service.DriverCommandExecutor.execute(DriverCommandExecutor.java:175)
at org.openqa.selenium.remote.RemoteWebDriver.execute(RemoteWebDriver.java:602)
at org.openqa.selenium.remote.RemoteWebElement.execute(RemoteWebElement.java:224)
at org.openqa.selenium.remote.RemoteWebElement.click(RemoteWebElement.java:77)
at com.anhtester.keywords.WebUI.clickElement(WebUI.java:2678)
at com.anhtester.projects.cms.admin.pages.logins.LoginPageCMS.openLoginPage(LoginPageCMS.java:34)
at com.anhtester.projects.cms.admin.pages.logins.LoginPageCMS.loginSuccessWithCustomerAccount(LoginPageCMS.java:86)
at com.anhtester.projects.cms.testcases.LoginTest.TC_LoginSuccessWithCustomerAccount(LoginTest.java:44)
at java.base/java.util.ArrayList.forEach(ArrayList.java:1596)
at java.base/java.util.concurrent.FutureTask.run(FutureTask.java:317)
at java.base/java.util.concurrent.ThreadPoolExecutor.runWorker(ThreadPoolExecutor.java:1144)
at java.base/java.util.concurrent.ThreadPoolExecutor$Worker.run(ThreadPoolExecutor.java:642)
at java.base/java.lang.Thread.run(Thread.java:1583)
... Removed 18 stack frames]]>
    </failure>
  </testcase> <!-- TC_LoginSuccessWithCustomerAccount -->
</testsuite> <!-- Login Test CMS Safari -->
