<?xml version="1.0" encoding="UTF-8"?>
<!-- Generated by org.testng.reporters.JUnitXMLReporter -->
<testsuite ignored="2" hostname="Macs-MacBook-Pro.local" failures="1" tests="2" name="Test Profile CMS Safari" time="44.932" errors="0" timestamp="2023-11-01T14:04:51 IST">
  <testcase classname="com.anhtester.projects.cms.testcases.ProfileTest" name="TC_AddNewAddress" time="24.247">
    <skipped/>
  </testcase> <!-- TC_AddNewAddress -->
  <testcase classname="com.anhtester.projects.cms.testcases.ProfileTest" name="TC_AddNewAddress" time="11.87">
    <failure type="org.openqa.selenium.WebDriverException" message="Build info: version: &amp;apos;4.14.1&amp;apos;, revision: &amp;apos;03f8ede370&amp;apos;
System info: os.name: &amp;apos;Mac OS X&amp;apos;, os.arch: &amp;apos;x86_64&amp;apos;, os.version: &amp;apos;10.15.7&amp;apos;, java.version: &amp;apos;21&amp;apos;
Driver info: org.openqa.selenium.safari.SafariDriver
Command: [C015FD38-D642-4426-AE1D-C06D3B2E6D8C, clickElement {id=node-DC0BE00B-4DA9-497A-BA34-7ECEFD1E6DE5}]
Capabilities {acceptInsecureCerts: false, browserName: Safari, browserVersion: 15.6.1, platformName: mac, safari:automaticInspection: false, safari:automaticProfiling: false, safari:diagnose: false, safari:platformBuildVersion: 19H2026, safari:platformVersion: 10.15.7, safari:useSimulator: false, setWindowRect: true, strictFileInteractability: false, webkit:WebRTC: {DisableICECandidateFiltering: false, DisableInsecureMediaCapture: false}}
Element: [[SafariDriver: Safari on mac (C015FD38-D642-4426-AE1D-C06D3B2E6D8C)] -&amp;gt; xpath: (//a[normalize-space()=&amp;apos;Registration&amp;apos;]/parent::li)/preceding-sibling::li]
Session ID: C015FD38-D642-4426-AE1D-C06D3B2E6D8C">
      <![CDATA[org.openqa.selenium.WebDriverException: Build info: version: '4.14.1', revision: '03f8ede370'
System info: os.name: 'Mac OS X', os.arch: 'x86_64', os.version: '10.15.7', java.version: '21'
Driver info: org.openqa.selenium.safari.SafariDriver
Command: [C015FD38-D642-4426-AE1D-C06D3B2E6D8C, clickElement {id=node-DC0BE00B-4DA9-497A-BA34-7ECEFD1E6DE5}]
Capabilities {acceptInsecureCerts: false, browserName: Safari, browserVersion: 15.6.1, platformName: mac, safari:automaticInspection: false, safari:automaticProfiling: false, safari:diagnose: false, safari:platformBuildVersion: 19H2026, safari:platformVersion: 10.15.7, safari:useSimulator: false, setWindowRect: true, strictFileInteractability: false, webkit:WebRTC: {DisableICECandidateFiltering: false, DisableInsecureMediaCapture: false}}
Element: [[SafariDriver: Safari on mac (C015FD38-D642-4426-AE1D-C06D3B2E6D8C)] -> xpath: (//a[normalize-space()='Registration']/parent::li)/preceding-sibling::li]
Session ID: C015FD38-D642-4426-AE1D-C06D3B2E6D8C
at org.openqa.selenium.remote.codec.w3c.W3CHttpResponseCodec.createException(W3CHttpResponseCodec.java:200)
at org.openqa.selenium.remote.codec.w3c.W3CHttpResponseCodec.decode(W3CHttpResponseCodec.java:133)
at org.openqa.selenium.remote.codec.w3c.W3CHttpResponseCodec.decode(W3CHttpResponseCodec.java:52)
at org.openqa.selenium.remote.HttpCommandExecutor.execute(HttpCommandExecutor.java:191)
at org.openqa.selenium.remote.service.DriverCommandExecutor.invokeExecute(DriverCommandExecutor.java:200)
at org.openqa.selenium.remote.service.DriverCommandExecutor.execute(DriverCommandExecutor.java:175)
at org.openqa.selenium.remote.RemoteWebDriver.execute(RemoteWebDriver.java:602)
at org.openqa.selenium.remote.RemoteWebElement.execute(RemoteWebElement.java:224)
at org.openqa.selenium.remote.RemoteWebElement.click(RemoteWebElement.java:77)
at com.anhtester.keywords.WebUI.clickElement(WebUI.java:2678)
at com.anhtester.projects.cms.admin.pages.logins.LoginPageCMS.openLoginPage(LoginPageCMS.java:34)
at com.anhtester.projects.cms.admin.pages.logins.LoginPageCMS.loginSuccessWithCustomerAccount(LoginPageCMS.java:86)
at com.anhtester.projects.cms.testcases.ProfileTest.TC_AddNewAddress(ProfileTest.java:31)
at java.base/java.util.ArrayList.forEach(ArrayList.java:1596)
at java.base/java.util.concurrent.FutureTask.run(FutureTask.java:317)
at java.base/java.util.concurrent.ThreadPoolExecutor.runWorker(ThreadPoolExecutor.java:1144)
at java.base/java.util.concurrent.ThreadPoolExecutor$Worker.run(ThreadPoolExecutor.java:642)
at java.base/java.lang.Thread.run(Thread.java:1583)
... Removed 18 stack frames]]>
    </failure>
  </testcase> <!-- TC_AddNewAddress -->
  <testcase classname="com.anhtester.projects.cms.testcases.ProfileTest" name="TC_UpdateProfile" time="0.0">
    <ignored/>
  </testcase> <!-- TC_UpdateProfile -->
  <testcase classname="com.anhtester.projects.cms.testcases.ProfileTest" name="updateEmail" time="0.0">
    <ignored/>
  </testcase> <!-- updateEmail -->
</testsuite> <!-- Test Profile CMS Safari -->
