<?xml version="1.0" encoding="UTF-8"?>
<!-- Generated by org.testng.reporters.JUnitXMLReporter -->
<testsuite ignored="0" hostname="Macs-MacBook-Pro.local" failures="1" tests="2" name="Tests Order Product CMS Chrome" time="154.989" errors="0" timestamp="2023-11-01T09:25:24 IST">
  <testcase classname="com.anhtester.projects.cms.testcases.OrderTest" name="TC_OrderProduct" time="85.03">
    <skipped/>
  </testcase> <!-- TC_OrderProduct -->
  <testcase classname="com.anhtester.projects.cms.testcases.OrderTest" name="TC_OrderProduct" time="59.111">
    <failure type="java.lang.AssertionError" message="The total price is failed expected [6875680] but found [2128560]">
      <![CDATA[java.lang.AssertionError: The total price is failed expected [6875680] but found [2128560]
at com.anhtester.keywords.WebUI.verifyEquals(WebUI.java:1400)
at com.anhtester.projects.cms.users.pages.order.OrderPage.order(OrderPage.java:102)
at com.anhtester.projects.cms.testcases.OrderTest.TC_OrderProduct(OrderTest.java:19)
at java.base/java.util.ArrayList.forEach(ArrayList.java:1596)
at java.base/java.util.concurrent.FutureTask.run(FutureTask.java:317)
at java.base/java.util.concurrent.ThreadPoolExecutor.runWorker(ThreadPoolExecutor.java:1144)
at java.base/java.util.concurrent.ThreadPoolExecutor$Worker.run(ThreadPoolExecutor.java:642)
at java.base/java.lang.Thread.run(Thread.java:1583)
... Removed 19 stack frames]]>
    </failure>
  </testcase> <!-- TC_OrderProduct -->
</testsuite> <!-- Tests Order Product CMS Chrome -->
