<?xml version="1.0" encoding="UTF-8"?>
<!-- Generated by org.testng.reporters.JUnitXMLReporter -->
<testsuite ignored="0" hostname="Macs-MacBook-Pro.local" failures="1" tests="2" name="Tests Add Product CMS Safari" time="36.878" errors="0" timestamp="2023-11-02T10:34:44 IST">
  <testcase classname="com.anhtester.projects.cms.testcases.AddProductTest" name="TC_AddNewProductAdmin" time="13.721">
    <skipped/>
  </testcase> <!-- TC_AddNewProductAdmin -->
  <testcase classname="com.anhtester.projects.cms.testcases.AddProductTest" name="TC_AddNewProductAdmin" time="18.671">
    <failure type="java.lang.AssertionError" message="Element not exist. By.xpath: //img[@alt=&amp;apos;Active eCommerce CMS&amp;apos;]">
      <![CDATA[java.lang.AssertionError: Element not exist. By.xpath: //img[@alt='Active eCommerce CMS']
at com.anhtester.keywords.WebUI.waitForElementPresent(WebUI.java:3086)
at com.anhtester.keywords.WebUI.waitForElementVisible(WebUI.java:2994)
at com.anhtester.projects.cms.admin.pages.logins.LoginPageCMS.loginSuccessAdminPage(LoginPageCMS.java:103)
at com.anhtester.projects.cms.testcases.AddProductTest.TC_AddNewProductAdmin(AddProductTest.java:23)
at java.base/java.util.concurrent.ThreadPoolExecutor.runWorker(ThreadPoolExecutor.java:1144)
at java.base/java.util.concurrent.ThreadPoolExecutor$Worker.run(ThreadPoolExecutor.java:642)
at java.base/java.lang.Thread.run(Thread.java:1583)
... Removed 11 stack frames]]>
    </failure>
  </testcase> <!-- TC_AddNewProductAdmin -->
</testsuite> <!-- Tests Add Product CMS Safari -->
