<?xml version="1.0" encoding="UTF-8"?>
<!-- Generated by org.testng.reporters.JUnitXMLReporter -->
<testsuite ignored="0" hostname="Macs-MacBook-Pro.local" failures="1" tests="2" name="Tests Order Product CMS Safari" time="75.134" errors="0" timestamp="2023-11-01T09:24:04 IST">
  <testcase classname="com.anhtester.projects.cms.testcases.OrderTest" name="TC_OrderProduct" time="18.055">
    <skipped/>
  </testcase> <!-- TC_OrderProduct -->
  <testcase classname="com.anhtester.projects.cms.testcases.OrderTest" name="TC_OrderProduct" time="45.682">
    <failure type="org.openqa.selenium.WebDriverException" message="Build info: version: &amp;apos;4.14.1&amp;apos;, revision: &amp;apos;03f8ede370&amp;apos;
System info: os.name: &amp;apos;Mac OS X&amp;apos;, os.arch: &amp;apos;x86_64&amp;apos;, os.version: &amp;apos;10.15.7&amp;apos;, java.version: &amp;apos;21&amp;apos;
Driver info: org.openqa.selenium.safari.SafariDriver
Command: [8DB0713F-5DD1-4403-A693-43AD304A0021, clickElement {id=node-493FC17A-B052-4988-A130-A19451791903}]
Capabilities {acceptInsecureCerts: false, browserName: Safari, browserVersion: 15.6.1, platformName: mac, safari:automaticInspection: false, safari:automaticProfiling: false, safari:diagnose: false, safari:platformBuildVersion: 19H2026, safari:platformVersion: 10.15.7, safari:useSimulator: false, setWindowRect: true, strictFileInteractability: false, webkit:WebRTC: {DisableICECandidateFiltering: false, DisableInsecureMediaCapture: false}}
Element: [[SafariDriver: Safari on mac (8DB0713F-5DD1-4403-A693-43AD304A0021)] -&amp;gt; xpath: //div[@id=&amp;apos;search-content&amp;apos;]//div[contains(text(),&amp;apos;Adobe Premiere Elements 2022&amp;apos;)]]
Session ID: 8DB0713F-5DD1-4403-A693-43AD304A0021">
      <![CDATA[org.openqa.selenium.WebDriverException: Build info: version: '4.14.1', revision: '03f8ede370'
System info: os.name: 'Mac OS X', os.arch: 'x86_64', os.version: '10.15.7', java.version: '21'
Driver info: org.openqa.selenium.safari.SafariDriver
Command: [8DB0713F-5DD1-4403-A693-43AD304A0021, clickElement {id=node-493FC17A-B052-4988-A130-A19451791903}]
Capabilities {acceptInsecureCerts: false, browserName: Safari, browserVersion: 15.6.1, platformName: mac, safari:automaticInspection: false, safari:automaticProfiling: false, safari:diagnose: false, safari:platformBuildVersion: 19H2026, safari:platformVersion: 10.15.7, safari:useSimulator: false, setWindowRect: true, strictFileInteractability: false, webkit:WebRTC: {DisableICECandidateFiltering: false, DisableInsecureMediaCapture: false}}
Element: [[SafariDriver: Safari on mac (8DB0713F-5DD1-4403-A693-43AD304A0021)] -> xpath: //div[@id='search-content']//div[contains(text(),'Adobe Premiere Elements 2022')]]
Session ID: 8DB0713F-5DD1-4403-A693-43AD304A0021
at org.openqa.selenium.remote.codec.w3c.W3CHttpResponseCodec.createException(W3CHttpResponseCodec.java:200)
at org.openqa.selenium.remote.codec.w3c.W3CHttpResponseCodec.decode(W3CHttpResponseCodec.java:133)
at org.openqa.selenium.remote.codec.w3c.W3CHttpResponseCodec.decode(W3CHttpResponseCodec.java:52)
at org.openqa.selenium.remote.HttpCommandExecutor.execute(HttpCommandExecutor.java:191)
at org.openqa.selenium.remote.service.DriverCommandExecutor.invokeExecute(DriverCommandExecutor.java:200)
at org.openqa.selenium.remote.service.DriverCommandExecutor.execute(DriverCommandExecutor.java:175)
at org.openqa.selenium.remote.RemoteWebDriver.execute(RemoteWebDriver.java:602)
at org.openqa.selenium.remote.RemoteWebElement.execute(RemoteWebElement.java:224)
at org.openqa.selenium.remote.RemoteWebElement.click(RemoteWebElement.java:77)
at com.anhtester.keywords.WebUI.clickElement(WebUI.java:2678)
at com.anhtester.projects.cms.users.pages.order.OrderPage.order(OrderPage.java:62)
at com.anhtester.projects.cms.testcases.OrderTest.TC_OrderProduct(OrderTest.java:19)
at java.base/java.util.ArrayList.forEach(ArrayList.java:1596)
at java.base/java.util.concurrent.FutureTask.run(FutureTask.java:317)
at java.base/java.util.concurrent.ThreadPoolExecutor.runWorker(ThreadPoolExecutor.java:1144)
at java.base/java.util.concurrent.ThreadPoolExecutor$Worker.run(ThreadPoolExecutor.java:642)
at java.base/java.lang.Thread.run(Thread.java:1583)
... Removed 18 stack frames]]>
    </failure>
  </testcase> <!-- TC_OrderProduct -->
</testsuite> <!-- Tests Order Product CMS Safari -->
