<?xml version="1.0" encoding="UTF-8"?>
<!-- Generated by org.testng.reporters.JUnitXMLReporter -->
<testsuite ignored="0" hostname="Macs-MacBook-Pro.local" failures="1" tests="2" name="Tests Add Product CMS Edge" time="51.31" errors="0" timestamp="2023-11-02T10:37:06 IST">
  <testcase classname="com.anhtester.projects.cms.testcases.AddProductTest" name="TC_AddNewProductAdmin" time="21.64">
    <skipped/>
  </testcase> <!-- TC_AddNewProductAdmin -->
  <testcase classname="com.anhtester.projects.cms.testcases.AddProductTest" name="TC_AddNewProductAdmin" time="17.452">
    <failure type="org.openqa.selenium.InvalidArgumentException" message="invalid argument: File not found : /Users/mac/eclipse-workspace/AutomationFrameworkSelenium/src\test\resources\testdataCMS\gio-qua-2.jpg
  (Session info: MicrosoftEdge=118.0.2088.76)
Build info: version: &amp;apos;4.14.1&amp;apos;, revision: &amp;apos;03f8ede370&amp;apos;
System info: os.name: &amp;apos;Mac OS X&amp;apos;, os.arch: &amp;apos;x86_64&amp;apos;, os.version: &amp;apos;10.15.7&amp;apos;, java.version: &amp;apos;21&amp;apos;
Driver info: org.openqa.selenium.edge.EdgeDriver
Command: [aba7d4d3ff3cb0c6943f7eadf5badfc3, sendKeysToElement {id=42E284734A2D9B255BA1471C6ADDF030_element_129, value=[Ljava.lang.CharSequence;@454278c6}]
Capabilities {acceptInsecureCerts: false, browserName: msedge, browserVersion: 118.0.2088.76, fedcm:accounts: true, ms:edgeOptions: {debuggerAddress: localhost:52602}, msedge: {msedgedriverVersion: 118.0.2088.76 (d3ddcf1d51d5..., userDataDir: /var/folders/n5/8_wzkl796_n...}, networkConnectionEnabled: false, pageLoadStrategy: normal, platformName: mac, proxy: Proxy(), se:cdp: ws://localhost:52602/devtoo..., se:cdpVersion: 118.0.2088.76, setWindowRect: true, strictFileInteractability: false, timeouts: {implicit: 0, pageLoad: 300000, script: 30000}, unhandledPromptBehavior: dismiss and notify, webauthn:extension:credBlob: true, webauthn:extension:largeBlob: true, webauthn:extension:minPinLength: true, webauthn:extension:prf: true, webauthn:virtualAuthenticators: true}
Element: [[EdgeDriver: msedge on mac (aba7d4d3ff3cb0c6943f7eadf5badfc3)] -&amp;gt; xpath: //input[@class = &amp;apos;uppy-Dashboard-input&amp;apos;]]
Session ID: aba7d4d3ff3cb0c6943f7eadf5badfc3">
      <![CDATA[org.openqa.selenium.InvalidArgumentException: invalid argument: File not found : /Users/mac/eclipse-workspace/AutomationFrameworkSelenium/src\test\resources\testdataCMS\gio-qua-2.jpg
  (Session info: MicrosoftEdge=118.0.2088.76)
Build info: version: '4.14.1', revision: '03f8ede370'
System info: os.name: 'Mac OS X', os.arch: 'x86_64', os.version: '10.15.7', java.version: '21'
Driver info: org.openqa.selenium.edge.EdgeDriver
Command: [aba7d4d3ff3cb0c6943f7eadf5badfc3, sendKeysToElement {id=42E284734A2D9B255BA1471C6ADDF030_element_129, value=[Ljava.lang.CharSequence;@454278c6}]
Capabilities {acceptInsecureCerts: false, browserName: msedge, browserVersion: 118.0.2088.76, fedcm:accounts: true, ms:edgeOptions: {debuggerAddress: localhost:52602}, msedge: {msedgedriverVersion: 118.0.2088.76 (d3ddcf1d51d5..., userDataDir: /var/folders/n5/8_wzkl796_n...}, networkConnectionEnabled: false, pageLoadStrategy: normal, platformName: mac, proxy: Proxy(), se:cdp: ws://localhost:52602/devtoo..., se:cdpVersion: 118.0.2088.76, setWindowRect: true, strictFileInteractability: false, timeouts: {implicit: 0, pageLoad: 300000, script: 30000}, unhandledPromptBehavior: dismiss and notify, webauthn:extension:credBlob: true, webauthn:extension:largeBlob: true, webauthn:extension:minPinLength: true, webauthn:extension:prf: true, webauthn:virtualAuthenticators: true}
Element: [[EdgeDriver: msedge on mac (aba7d4d3ff3cb0c6943f7eadf5badfc3)] -> xpath: //input[@class = 'uppy-Dashboard-input']]
Session ID: aba7d4d3ff3cb0c6943f7eadf5badfc3
at org.openqa.selenium.remote.codec.w3c.W3CHttpResponseCodec.createException(W3CHttpResponseCodec.java:200)
at org.openqa.selenium.remote.codec.w3c.W3CHttpResponseCodec.decode(W3CHttpResponseCodec.java:133)
at org.openqa.selenium.remote.codec.w3c.W3CHttpResponseCodec.decode(W3CHttpResponseCodec.java:52)
at org.openqa.selenium.remote.HttpCommandExecutor.execute(HttpCommandExecutor.java:191)
at org.openqa.selenium.remote.service.DriverCommandExecutor.invokeExecute(DriverCommandExecutor.java:200)
at org.openqa.selenium.remote.service.DriverCommandExecutor.execute(DriverCommandExecutor.java:175)
at org.openqa.selenium.remote.RemoteWebDriver.execute(RemoteWebDriver.java:602)
at org.openqa.selenium.remote.RemoteWebElement.execute(RemoteWebElement.java:224)
at org.openqa.selenium.remote.RemoteWebElement.sendKeys(RemoteWebElement.java:111)
at com.anhtester.projects.cms.admin.pages.products.AddProductPage.addProduct(AddProductPage.java:84)
at com.anhtester.projects.cms.testcases.AddProductTest.TC_AddNewProductAdmin(AddProductTest.java:24)
at java.base/java.util.concurrent.ThreadPoolExecutor.runWorker(ThreadPoolExecutor.java:1144)
at java.base/java.util.concurrent.ThreadPoolExecutor$Worker.run(ThreadPoolExecutor.java:642)
at java.base/java.lang.Thread.run(Thread.java:1583)
... Removed 13 stack frames]]>
    </failure>
  </testcase> <!-- TC_AddNewProductAdmin -->
</testsuite> <!-- Tests Add Product CMS Edge -->
