{"uuid":"43b05a89-5af9-4c45-8798-1515358d8c13","historyId":"775839c83d7b3804a181fc90f68a3b6d","fullName":"com.anhtester.projects.cms.testcases.LoginTest.TC_LoginFailWithEmailDoesNotExist","labels":[{"name":"package","value":"com.anhtester.projects.cms.testcases.LoginTest"},{"name":"testClass","value":"com.anhtester.projects.cms.testcases.LoginTest"},{"name":"testMethod","value":"TC_LoginFailWithEmailDoesNotExist"},{"name":"parentSuite","value":"Regression Tests CMS"},{"name":"suite","value":"Login Test CMS Safari"},{"name":"subSuite","value":"com.anhtester.projects.cms.testcases.LoginTest"},{"name":"host","value":"Macs-MacBook-Pro.local"},{"name":"thread","value":"1905@Macs-MacBook-Pro.local.TestNG-tests-2(37)"},{"name":"framework","value":"testng"},{"name":"language","value":"java"},{"name":"feature","value":"Login Test"},{"name":"epic","value":"Regression Test CMS"}],"links":[],"name":"TC_LoginFailWithEmailDoesNotExist","status":"skipped","statusDetails":{"known":false,"muted":false,"flaky":false,"message":"Build info: version: '4.14.1', revision: '03f8ede370'\nSystem info: os.name: 'Mac OS X', os.arch: 'x86_64', os.version: '10.15.7', java.version: '21'\nDriver info: org.openqa.selenium.safari.SafariDriver\nCommand: [D14F0B9C-D0D4-4F75-A09C-D3F69455FBAF, clickElement {id=node-9D24B4F0-145F-4319-BE1C-1E7AF32A664F}]\nCapabilities {acceptInsecureCerts: false, browserName: Safari, browserVersion: 15.6.1, platformName: mac, safari:automaticInspection: false, safari:automaticProfiling: false, safari:diagnose: false, safari:platformBuildVersion: 19H2026, safari:platformVersion: 10.15.7, safari:useSimulator: false, setWindowRect: true, strictFileInteractability: false, webkit:WebRTC: {DisableICECandidateFiltering: false, DisableInsecureMediaCapture: false}}\nElement: [[SafariDriver: Safari on mac (D14F0B9C-D0D4-4F75-A09C-D3F69455FBAF)] -> xpath: (//a[normalize-space()='Registration']/parent::li)/preceding-sibling::li]\nSession ID: D14F0B9C-D0D4-4F75-A09C-D3F69455FBAF","trace":"org.openqa.selenium.WebDriverException: Build info: version: '4.14.1', revision: '03f8ede370'\nSystem info: os.name: 'Mac OS X', os.arch: 'x86_64', os.version: '10.15.7', java.version: '21'\nDriver info: org.openqa.selenium.safari.SafariDriver\nCommand: [D14F0B9C-D0D4-4F75-A09C-D3F69455FBAF, clickElement {id=node-9D24B4F0-145F-4319-BE1C-1E7AF32A664F}]\nCapabilities {acceptInsecureCerts: false, browserName: Safari, browserVersion: 15.6.1, platformName: mac, safari:automaticInspection: false, safari:automaticProfiling: false, safari:diagnose: false, safari:platformBuildVersion: 19H2026, safari:platformVersion: 10.15.7, safari:useSimulator: false, setWindowRect: true, strictFileInteractability: false, webkit:WebRTC: {DisableICECandidateFiltering: false, DisableInsecureMediaCapture: false}}\nElement: [[SafariDriver: Safari on mac (D14F0B9C-D0D4-4F75-A09C-D3F69455FBAF)] -> xpath: (//a[normalize-space()='Registration']/parent::li)/preceding-sibling::li]\nSession ID: D14F0B9C-D0D4-4F75-A09C-D3F69455FBAF\n\tat java.base/jdk.internal.reflect.DirectConstructorHandleAccessor.newInstance(DirectConstructorHandleAccessor.java:62)\n\tat java.base/java.lang.reflect.Constructor.newInstanceWithCaller(Constructor.java:502)\n\tat java.base/java.lang.reflect.Constructor.newInstance(Constructor.java:486)\n\tat org.openqa.selenium.remote.codec.w3c.W3CHttpResponseCodec.createException(W3CHttpResponseCodec.java:200)\n\tat org.openqa.selenium.remote.codec.w3c.W3CHttpResponseCodec.decode(W3CHttpResponseCodec.java:133)\n\tat org.openqa.selenium.remote.codec.w3c.W3CHttpResponseCodec.decode(W3CHttpResponseCodec.java:52)\n\tat org.openqa.selenium.remote.HttpCommandExecutor.execute(HttpCommandExecutor.java:191)\n\tat org.openqa.selenium.remote.service.DriverCommandExecutor.invokeExecute(DriverCommandExecutor.java:200)\n\tat org.openqa.selenium.remote.service.DriverCommandExecutor.execute(DriverCommandExecutor.java:175)\n\tat org.openqa.selenium.remote.RemoteWebDriver.execute(RemoteWebDriver.java:602)\n\tat org.openqa.selenium.remote.RemoteWebElement.execute(RemoteWebElement.java:224)\n\tat org.openqa.selenium.remote.RemoteWebElement.click(RemoteWebElement.java:77)\n\tat com.anhtester.keywords.WebUI.clickElement(WebUI.java:2678)\n\tat com.anhtester.projects.cms.admin.pages.logins.LoginPageCMS.openLoginPage(LoginPageCMS.java:34)\n\tat com.anhtester.projects.cms.admin.pages.logins.LoginPageCMS.loginFailWithEmailDoesNotExist(LoginPageCMS.java:53)\n\tat com.anhtester.projects.cms.testcases.LoginTest.TC_LoginFailWithEmailDoesNotExist(LoginTest.java:23)\n\tat java.base/jdk.internal.reflect.DirectMethodHandleAccessor.invoke(DirectMethodHandleAccessor.java:103)\n\tat java.base/java.lang.reflect.Method.invoke(Method.java:580)\n\tat org.testng.internal.invokers.MethodInvocationHelper.invokeMethod(MethodInvocationHelper.java:139)\n\tat org.testng.internal.invokers.TestInvoker.invokeMethod(TestInvoker.java:664)\n\tat org.testng.internal.invokers.TestInvoker.invokeTestMethod(TestInvoker.java:227)\n\tat org.testng.internal.invokers.MethodRunner.runInSequence(MethodRunner.java:50)\n\tat org.testng.internal.invokers.TestInvoker$MethodInvocationAgent.invoke(TestInvoker.java:957)\n\tat org.testng.internal.invokers.TestInvoker.invokeTestMethods(TestInvoker.java:200)\n\tat org.testng.internal.invokers.TestMethodWorker.invokeTestMethods(TestMethodWorker.java:148)\n\tat org.testng.internal.invokers.TestMethodWorker.run(TestMethodWorker.java:128)\n\tat java.base/java.util.ArrayList.forEach(ArrayList.java:1596)\n\tat org.testng.TestRunner.privateRun(TestRunner.java:848)\n\tat org.testng.TestRunner.run(TestRunner.java:621)\n\tat org.testng.SuiteRunner.runTest(SuiteRunner.java:443)\n\tat org.testng.SuiteRunner$SuiteWorker.run(SuiteRunner.java:481)\n\tat org.testng.internal.thread.ThreadUtil.lambda$execute$0(ThreadUtil.java:58)\n\tat java.base/java.util.concurrent.FutureTask.run(FutureTask.java:317)\n\tat java.base/java.util.concurrent.ThreadPoolExecutor.runWorker(ThreadPoolExecutor.java:1144)\n\tat java.base/java.util.concurrent.ThreadPoolExecutor$Worker.run(ThreadPoolExecutor.java:642)\n\tat java.base/java.lang.Thread.run(Thread.java:1583)\n"},"stage":"finished","steps":[{"name":"Open website with URL https://cms.anhtester.com","status":"passed","stage":"finished","steps":[],"attachments":[{"name":"Open website with URL: https://cms.anhtester.com","source":"53b4b749-85bc-4e99-a01c-4a9f8f40ee06-attachment","type":"text/plain"}],"parameters":[{"name":"URL","value":"https://cms.anhtester.com"}],"start":1698810513170,"stop":1698810518301},{"name":"Click on the element By.xpath: //button[@data-key='website-popup']","status":"passed","stage":"finished","steps":[{"name":"Verify element visible By.xpath: //button[@data-key='website-popup']","status":"passed","stage":"finished","steps":[],"attachments":[],"parameters":[{"name":"by","value":"By.xpath: //button[@data-key='website-popup']"},{"name":"timeout","value":"1"}],"start":1698810518939,"stop":1698810519091}],"attachments":[{"name":"Clicked on the element By.xpath: //button[@data-key='website-popup']","source":"5f33d348-a342-421c-aa84-27d6be9ae820-attachment","type":"text/plain"}],"parameters":[{"name":"by","value":"By.xpath: //button[@data-key='website-popup']"}],"start":1698810518301,"stop":1698810519228},{"name":"Click on the element By.xpath: //button[normalize-space()='Ok. I Understood']","status":"passed","stage":"finished","steps":[{"name":"Verify element visible By.xpath: //button[normalize-space()='Ok. I Understood']","status":"passed","stage":"finished","steps":[],"attachments":[],"parameters":[{"name":"by","value":"By.xpath: //button[normalize-space()='Ok. I Understood']"},{"name":"timeout","value":"1"}],"start":1698810519264,"stop":1698810519319}],"attachments":[{"name":"Clicked on the element By.xpath: //button[normalize-space()='Ok. I Understood']","source":"784423a6-5d64-44b6-a8dd-8b623f5a605b-attachment","type":"text/plain"}],"parameters":[{"name":"by","value":"By.xpath: //button[normalize-space()='Ok. I Understood']"}],"start":1698810519228,"stop":1698810519441},{"name":"Click on the element By.xpath: (//a[normalize-space()='Registration']/parent::li)/preceding-sibling::li","status":"broken","statusDetails":{"known":false,"muted":false,"flaky":false,"message":"Build info: version: '4.14.1', revision: '03f8ede370'\nSystem info: os.name: 'Mac OS X', os.arch: 'x86_64', os.version: '10.15.7', java.version: '21'\nDriver info: org.openqa.selenium.safari.SafariDriver\nCommand: [D14F0B9C-D0D4-4F75-A09C-D3F69455FBAF, clickElement {id=node-9D24B4F0-145F-4319-BE1C-1E7AF32A664F}]\nCapabilities {acceptInsecureCerts: false, browserName: Safari, browserVersion: 15.6.1, platformName: mac, safari:automaticInspection: false, safari:automaticProfiling: false, safari:diagnose: false, safari:platformBuildVersion: 19H2026, safari:platformVersion: 10.15.7, safari:useSimulator: false, setWindowRect: true, strictFileInteractability: false, webkit:WebRTC: {DisableICECandidateFiltering: false, DisableInsecureMediaCapture: false}}\nElement: [[SafariDriver: Safari on mac (D14F0B9C-D0D4-4F75-A09C-D3F69455FBAF)] -> xpath: (//a[normalize-space()='Registration']/parent::li)/preceding-sibling::li]\nSession ID: D14F0B9C-D0D4-4F75-A09C-D3F69455FBAF","trace":"org.openqa.selenium.WebDriverException: Build info: version: '4.14.1', revision: '03f8ede370'\nSystem info: os.name: 'Mac OS X', os.arch: 'x86_64', os.version: '10.15.7', java.version: '21'\nDriver info: org.openqa.selenium.safari.SafariDriver\nCommand: [D14F0B9C-D0D4-4F75-A09C-D3F69455FBAF, clickElement {id=node-9D24B4F0-145F-4319-BE1C-1E7AF32A664F}]\nCapabilities {acceptInsecureCerts: false, browserName: Safari, browserVersion: 15.6.1, platformName: mac, safari:automaticInspection: false, safari:automaticProfiling: false, safari:diagnose: false, safari:platformBuildVersion: 19H2026, safari:platformVersion: 10.15.7, safari:useSimulator: false, setWindowRect: true, strictFileInteractability: false, webkit:WebRTC: {DisableICECandidateFiltering: false, DisableInsecureMediaCapture: false}}\nElement: [[SafariDriver: Safari on mac (D14F0B9C-D0D4-4F75-A09C-D3F69455FBAF)] -> xpath: (//a[normalize-space()='Registration']/parent::li)/preceding-sibling::li]\nSession ID: D14F0B9C-D0D4-4F75-A09C-D3F69455FBAF\n\tat java.base/jdk.internal.reflect.DirectConstructorHandleAccessor.newInstance(DirectConstructorHandleAccessor.java:62)\n\tat java.base/java.lang.reflect.Constructor.newInstanceWithCaller(Constructor.java:502)\n\tat java.base/java.lang.reflect.Constructor.newInstance(Constructor.java:486)\n\tat org.openqa.selenium.remote.codec.w3c.W3CHttpResponseCodec.createException(W3CHttpResponseCodec.java:200)\n\tat org.openqa.selenium.remote.codec.w3c.W3CHttpResponseCodec.decode(W3CHttpResponseCodec.java:133)\n\tat org.openqa.selenium.remote.codec.w3c.W3CHttpResponseCodec.decode(W3CHttpResponseCodec.java:52)\n\tat org.openqa.selenium.remote.HttpCommandExecutor.execute(HttpCommandExecutor.java:191)\n\tat org.openqa.selenium.remote.service.DriverCommandExecutor.invokeExecute(DriverCommandExecutor.java:200)\n\tat org.openqa.selenium.remote.service.DriverCommandExecutor.execute(DriverCommandExecutor.java:175)\n\tat org.openqa.selenium.remote.RemoteWebDriver.execute(RemoteWebDriver.java:602)\n\tat org.openqa.selenium.remote.RemoteWebElement.execute(RemoteWebElement.java:224)\n\tat org.openqa.selenium.remote.RemoteWebElement.click(RemoteWebElement.java:77)\n\tat com.anhtester.keywords.WebUI.clickElement(WebUI.java:2678)\n\tat com.anhtester.projects.cms.admin.pages.logins.LoginPageCMS.openLoginPage(LoginPageCMS.java:34)\n\tat com.anhtester.projects.cms.admin.pages.logins.LoginPageCMS.loginFailWithEmailDoesNotExist(LoginPageCMS.java:53)\n\tat com.anhtester.projects.cms.testcases.LoginTest.TC_LoginFailWithEmailDoesNotExist(LoginTest.java:23)\n\tat java.base/jdk.internal.reflect.DirectMethodHandleAccessor.invoke(DirectMethodHandleAccessor.java:103)\n\tat java.base/java.lang.reflect.Method.invoke(Method.java:580)\n\tat org.testng.internal.invokers.MethodInvocationHelper.invokeMethod(MethodInvocationHelper.java:139)\n\tat org.testng.internal.invokers.TestInvoker.invokeMethod(TestInvoker.java:664)\n\tat org.testng.internal.invokers.TestInvoker.invokeTestMethod(TestInvoker.java:227)\n\tat org.testng.internal.invokers.MethodRunner.runInSequence(MethodRunner.java:50)\n\tat org.testng.internal.invokers.TestInvoker$MethodInvocationAgent.invoke(TestInvoker.java:957)\n\tat org.testng.internal.invokers.TestInvoker.invokeTestMethods(TestInvoker.java:200)\n\tat org.testng.internal.invokers.TestMethodWorker.invokeTestMethods(TestMethodWorker.java:148)\n\tat org.testng.internal.invokers.TestMethodWorker.run(TestMethodWorker.java:128)\n\tat java.base/java.util.ArrayList.forEach(ArrayList.java:1596)\n\tat org.testng.TestRunner.privateRun(TestRunner.java:848)\n\tat org.testng.TestRunner.run(TestRunner.java:621)\n\tat org.testng.SuiteRunner.runTest(SuiteRunner.java:443)\n\tat org.testng.SuiteRunner$SuiteWorker.run(SuiteRunner.java:481)\n\tat org.testng.internal.thread.ThreadUtil.lambda$execute$0(ThreadUtil.java:58)\n\tat java.base/java.util.concurrent.FutureTask.run(FutureTask.java:317)\n\tat java.base/java.util.concurrent.ThreadPoolExecutor.runWorker(ThreadPoolExecutor.java:1144)\n\tat java.base/java.util.concurrent.ThreadPoolExecutor$Worker.run(ThreadPoolExecutor.java:642)\n\tat java.base/java.lang.Thread.run(Thread.java:1583)\n"},"stage":"finished","steps":[{"name":"Verify element visible By.xpath: (//a[normalize-space()='Registration']/parent::li)/preceding-sibling::li","status":"passed","stage":"finished","steps":[],"attachments":[],"parameters":[{"name":"by","value":"By.xpath: (//a[normalize-space()='Registration']/parent::li)/preceding-sibling::li"},{"name":"timeout","value":"1"}],"start":1698810519475,"stop":1698810519555}],"attachments":[],"parameters":[{"name":"by","value":"By.xpath: (//a[normalize-space()='Registration']/parent::li)/preceding-sibling::li"}],"start":1698810519441,"stop":1698810519628}],"attachments":[{"name":"TC_LoginFailWithEmailDoesNotExist_Failed_Screenshot","source":"bc4ff563-79bb-4ab3-8772-7e305223e542-attachment"}],"parameters":[{"name":"BROWSER","value":"safari"}],"start":1698810511100,"stop":1698810520327}