{"uuid":"494dc1b1-36ed-4713-889d-c86ee4116cdd","historyId":"d2521b49e63c59934974c741c35ace4","fullName":"com.anhtester.projects.cms.testcases.ProfileTest.TC_AddNewAddress","labels":[{"name":"package","value":"com.anhtester.projects.cms.testcases.ProfileTest"},{"name":"testClass","value":"com.anhtester.projects.cms.testcases.ProfileTest"},{"name":"testMethod","value":"TC_AddNewAddress"},{"name":"parentSuite","value":"Regression Tests CMS"},{"name":"suite","value":"Test Profile CMS Safari"},{"name":"subSuite","value":"com.anhtester.projects.cms.testcases.ProfileTest"},{"name":"host","value":"Macs-MacBook-Pro.local"},{"name":"thread","value":"1125@Macs-MacBook-Pro.local.main(1)"},{"name":"framework","value":"testng"},{"name":"language","value":"java"}],"links":[],"name":"TC_AddNewAddress","status":"broken","statusDetails":{"known":false,"muted":false,"flaky":false,"message":"Build info: version: '4.14.1', revision: '03f8ede370'\nSystem info: os.name: 'Mac OS X', os.arch: 'x86_64', os.version: '10.15.7', java.version: '21'\nDriver info: org.openqa.selenium.safari.SafariDriver\nCommand: [4C0F97DE-F94B-47D2-9BEE-FCA8377485B6, clickElement {id=node-A4791994-32A8-444D-82F8-108B9E87C99F}]\nCapabilities {acceptInsecureCerts: false, browserName: Safari, browserVersion: 15.6.1, platformName: mac, safari:automaticInspection: false, safari:automaticProfiling: false, safari:diagnose: false, safari:platformBuildVersion: 19H2026, safari:platformVersion: 10.15.7, safari:useSimulator: false, setWindowRect: true, strictFileInteractability: false, webkit:WebRTC: {DisableICECandidateFiltering: false, DisableInsecureMediaCapture: false}}\nElement: [[SafariDriver: Safari on mac (4C0F97DE-F94B-47D2-9BEE-FCA8377485B6)] -> xpath: (//a[normalize-space()='Registration']/parent::li)/preceding-sibling::li]\nSession ID: 4C0F97DE-F94B-47D2-9BEE-FCA8377485B6","trace":"org.openqa.selenium.WebDriverException: Build info: version: '4.14.1', revision: '03f8ede370'\nSystem info: os.name: 'Mac OS X', os.arch: 'x86_64', os.version: '10.15.7', java.version: '21'\nDriver info: org.openqa.selenium.safari.SafariDriver\nCommand: [4C0F97DE-F94B-47D2-9BEE-FCA8377485B6, clickElement {id=node-A4791994-32A8-444D-82F8-108B9E87C99F}]\nCapabilities {acceptInsecureCerts: false, browserName: Safari, browserVersion: 15.6.1, platformName: mac, safari:automaticInspection: false, safari:automaticProfiling: false, safari:diagnose: false, safari:platformBuildVersion: 19H2026, safari:platformVersion: 10.15.7, safari:useSimulator: false, setWindowRect: true, strictFileInteractability: false, webkit:WebRTC: {DisableICECandidateFiltering: false, DisableInsecureMediaCapture: false}}\nElement: [[SafariDriver: Safari on mac (4C0F97DE-F94B-47D2-9BEE-FCA8377485B6)] -> xpath: (//a[normalize-space()='Registration']/parent::li)/preceding-sibling::li]\nSession ID: 4C0F97DE-F94B-47D2-9BEE-FCA8377485B6\n\tat java.base/jdk.internal.reflect.DirectConstructorHandleAccessor.newInstance(DirectConstructorHandleAccessor.java:62)\n\tat java.base/java.lang.reflect.Constructor.newInstanceWithCaller(Constructor.java:502)\n\tat java.base/java.lang.reflect.Constructor.newInstance(Constructor.java:486)\n\tat org.openqa.selenium.remote.codec.w3c.W3CHttpResponseCodec.createException(W3CHttpResponseCodec.java:200)\n\tat org.openqa.selenium.remote.codec.w3c.W3CHttpResponseCodec.decode(W3CHttpResponseCodec.java:133)\n\tat org.openqa.selenium.remote.codec.w3c.W3CHttpResponseCodec.decode(W3CHttpResponseCodec.java:52)\n\tat org.openqa.selenium.remote.HttpCommandExecutor.execute(HttpCommandExecutor.java:191)\n\tat org.openqa.selenium.remote.service.DriverCommandExecutor.invokeExecute(DriverCommandExecutor.java:200)\n\tat org.openqa.selenium.remote.service.DriverCommandExecutor.execute(DriverCommandExecutor.java:175)\n\tat org.openqa.selenium.remote.RemoteWebDriver.execute(RemoteWebDriver.java:602)\n\tat org.openqa.selenium.remote.RemoteWebElement.execute(RemoteWebElement.java:224)\n\tat org.openqa.selenium.remote.RemoteWebElement.click(RemoteWebElement.java:77)\n\tat com.anhtester.keywords.WebUI.clickElement(WebUI.java:2678)\n\tat com.anhtester.projects.cms.admin.pages.logins.LoginPageCMS.openLoginPage(LoginPageCMS.java:34)\n\tat com.anhtester.projects.cms.admin.pages.logins.LoginPageCMS.loginSuccessWithCustomerAccount(LoginPageCMS.java:86)\n\tat com.anhtester.projects.cms.testcases.ProfileTest.TC_AddNewAddress(ProfileTest.java:30)\n\tat java.base/jdk.internal.reflect.DirectMethodHandleAccessor.invoke(DirectMethodHandleAccessor.java:103)\n\tat java.base/java.lang.reflect.Method.invoke(Method.java:580)\n\tat org.testng.internal.invokers.MethodInvocationHelper.invokeMethod(MethodInvocationHelper.java:139)\n\tat org.testng.internal.invokers.TestInvoker.invokeMethod(TestInvoker.java:664)\n\tat org.testng.internal.invokers.TestInvoker.retryFailed(TestInvoker.java:248)\n\tat org.testng.internal.invokers.MethodRunner.runInSequence(MethodRunner.java:62)\n\tat org.testng.internal.invokers.TestInvoker$MethodInvocationAgent.invoke(TestInvoker.java:957)\n\tat org.testng.internal.invokers.TestInvoker.invokeTestMethods(TestInvoker.java:200)\n\tat org.testng.internal.invokers.TestMethodWorker.invokeTestMethods(TestMethodWorker.java:148)\n\tat org.testng.internal.invokers.TestMethodWorker.run(TestMethodWorker.java:128)\n\tat java.base/java.util.ArrayList.forEach(ArrayList.java:1596)\n\tat org.testng.TestRunner.privateRun(TestRunner.java:848)\n\tat org.testng.TestRunner.run(TestRunner.java:621)\n\tat org.testng.SuiteRunner.runTest(SuiteRunner.java:443)\n\tat org.testng.SuiteRunner.runSequentially(SuiteRunner.java:437)\n\tat org.testng.SuiteRunner.privateRun(SuiteRunner.java:397)\n\tat org.testng.SuiteRunner.run(SuiteRunner.java:336)\n\tat org.testng.SuiteRunnerWorker.runSuite(SuiteRunnerWorker.java:52)\n\tat org.testng.SuiteRunnerWorker.run(SuiteRunnerWorker.java:95)\n\tat org.testng.TestNG.runSuitesSequentially(TestNG.java:1280)\n\tat org.testng.TestNG.runSuitesLocally(TestNG.java:1200)\n\tat org.testng.TestNG.runSuites(TestNG.java:1114)\n\tat org.testng.TestNG.run(TestNG.java:1082)\n\tat org.testng.remote.AbstractRemoteTestNG.run(AbstractRemoteTestNG.java:115)\n\tat org.testng.remote.RemoteTestNG.initAndRun(RemoteTestNG.java:251)\n\tat org.testng.remote.RemoteTestNG.main(RemoteTestNG.java:77)\n"},"stage":"finished","steps":[{"name":"Open website with URL https://cms.anhtester.com","status":"passed","stage":"finished","steps":[],"attachments":[{"name":"Open website with URL: https://cms.anhtester.com","source":"806521ca-c8ca-43da-9f2c-d2e3b3339521-attachment","type":"text/plain"}],"parameters":[{"name":"URL","value":"https://cms.anhtester.com"}],"start":1698826425260,"stop":1698826430326},{"name":"Click on the element By.xpath: //button[@data-key='website-popup']","status":"passed","stage":"finished","steps":[{"name":"Verify element visible By.xpath: //button[@data-key='website-popup']","status":"passed","stage":"finished","steps":[],"attachments":[],"parameters":[{"name":"by","value":"By.xpath: //button[@data-key='website-popup']"},{"name":"timeout","value":"1"}],"start":1698826430354,"stop":1698826430389}],"attachments":[{"name":"Clicked on the element By.xpath: //button[@data-key='website-popup']","source":"3bc3b99b-a04b-4999-b5f4-8235bbc69935-attachment","type":"text/plain"}],"parameters":[{"name":"by","value":"By.xpath: //button[@data-key='website-popup']"}],"start":1698826430327,"stop":1698826430441},{"name":"Click on the element By.xpath: //button[normalize-space()='Ok. I Understood']","status":"passed","stage":"finished","steps":[{"name":"Verify element visible By.xpath: //button[normalize-space()='Ok. I Understood']","status":"passed","stage":"finished","steps":[],"attachments":[],"parameters":[{"name":"by","value":"By.xpath: //button[normalize-space()='Ok. I Understood']"},{"name":"timeout","value":"1"}],"start":1698826430466,"stop":1698826430491}],"attachments":[{"name":"Clicked on the element By.xpath: //button[normalize-space()='Ok. I Understood']","source":"4d89dd10-13ae-426e-8242-cd445af949e8-attachment","type":"text/plain"}],"parameters":[{"name":"by","value":"By.xpath: //button[normalize-space()='Ok. I Understood']"}],"start":1698826430441,"stop":1698826430531},{"name":"Click on the element By.xpath: (//a[normalize-space()='Registration']/parent::li)/preceding-sibling::li","status":"broken","statusDetails":{"known":false,"muted":false,"flaky":false,"message":"Build info: version: '4.14.1', revision: '03f8ede370'\nSystem info: os.name: 'Mac OS X', os.arch: 'x86_64', os.version: '10.15.7', java.version: '21'\nDriver info: org.openqa.selenium.safari.SafariDriver\nCommand: [4C0F97DE-F94B-47D2-9BEE-FCA8377485B6, clickElement {id=node-A4791994-32A8-444D-82F8-108B9E87C99F}]\nCapabilities {acceptInsecureCerts: false, browserName: Safari, browserVersion: 15.6.1, platformName: mac, safari:automaticInspection: false, safari:automaticProfiling: false, safari:diagnose: false, safari:platformBuildVersion: 19H2026, safari:platformVersion: 10.15.7, safari:useSimulator: false, setWindowRect: true, strictFileInteractability: false, webkit:WebRTC: {DisableICECandidateFiltering: false, DisableInsecureMediaCapture: false}}\nElement: [[SafariDriver: Safari on mac (4C0F97DE-F94B-47D2-9BEE-FCA8377485B6)] -> xpath: (//a[normalize-space()='Registration']/parent::li)/preceding-sibling::li]\nSession ID: 4C0F97DE-F94B-47D2-9BEE-FCA8377485B6","trace":"org.openqa.selenium.WebDriverException: Build info: version: '4.14.1', revision: '03f8ede370'\nSystem info: os.name: 'Mac OS X', os.arch: 'x86_64', os.version: '10.15.7', java.version: '21'\nDriver info: org.openqa.selenium.safari.SafariDriver\nCommand: [4C0F97DE-F94B-47D2-9BEE-FCA8377485B6, clickElement {id=node-A4791994-32A8-444D-82F8-108B9E87C99F}]\nCapabilities {acceptInsecureCerts: false, browserName: Safari, browserVersion: 15.6.1, platformName: mac, safari:automaticInspection: false, safari:automaticProfiling: false, safari:diagnose: false, safari:platformBuildVersion: 19H2026, safari:platformVersion: 10.15.7, safari:useSimulator: false, setWindowRect: true, strictFileInteractability: false, webkit:WebRTC: {DisableICECandidateFiltering: false, DisableInsecureMediaCapture: false}}\nElement: [[SafariDriver: Safari on mac (4C0F97DE-F94B-47D2-9BEE-FCA8377485B6)] -> xpath: (//a[normalize-space()='Registration']/parent::li)/preceding-sibling::li]\nSession ID: 4C0F97DE-F94B-47D2-9BEE-FCA8377485B6\n\tat java.base/jdk.internal.reflect.DirectConstructorHandleAccessor.newInstance(DirectConstructorHandleAccessor.java:62)\n\tat java.base/java.lang.reflect.Constructor.newInstanceWithCaller(Constructor.java:502)\n\tat java.base/java.lang.reflect.Constructor.newInstance(Constructor.java:486)\n\tat org.openqa.selenium.remote.codec.w3c.W3CHttpResponseCodec.createException(W3CHttpResponseCodec.java:200)\n\tat org.openqa.selenium.remote.codec.w3c.W3CHttpResponseCodec.decode(W3CHttpResponseCodec.java:133)\n\tat org.openqa.selenium.remote.codec.w3c.W3CHttpResponseCodec.decode(W3CHttpResponseCodec.java:52)\n\tat org.openqa.selenium.remote.HttpCommandExecutor.execute(HttpCommandExecutor.java:191)\n\tat org.openqa.selenium.remote.service.DriverCommandExecutor.invokeExecute(DriverCommandExecutor.java:200)\n\tat org.openqa.selenium.remote.service.DriverCommandExecutor.execute(DriverCommandExecutor.java:175)\n\tat org.openqa.selenium.remote.RemoteWebDriver.execute(RemoteWebDriver.java:602)\n\tat org.openqa.selenium.remote.RemoteWebElement.execute(RemoteWebElement.java:224)\n\tat org.openqa.selenium.remote.RemoteWebElement.click(RemoteWebElement.java:77)\n\tat com.anhtester.keywords.WebUI.clickElement(WebUI.java:2678)\n\tat com.anhtester.projects.cms.admin.pages.logins.LoginPageCMS.openLoginPage(LoginPageCMS.java:34)\n\tat com.anhtester.projects.cms.admin.pages.logins.LoginPageCMS.loginSuccessWithCustomerAccount(LoginPageCMS.java:86)\n\tat com.anhtester.projects.cms.testcases.ProfileTest.TC_AddNewAddress(ProfileTest.java:30)\n\tat java.base/jdk.internal.reflect.DirectMethodHandleAccessor.invoke(DirectMethodHandleAccessor.java:103)\n\tat java.base/java.lang.reflect.Method.invoke(Method.java:580)\n\tat org.testng.internal.invokers.MethodInvocationHelper.invokeMethod(MethodInvocationHelper.java:139)\n\tat org.testng.internal.invokers.TestInvoker.invokeMethod(TestInvoker.java:664)\n\tat org.testng.internal.invokers.TestInvoker.retryFailed(TestInvoker.java:248)\n\tat org.testng.internal.invokers.MethodRunner.runInSequence(MethodRunner.java:62)\n\tat org.testng.internal.invokers.TestInvoker$MethodInvocationAgent.invoke(TestInvoker.java:957)\n\tat org.testng.internal.invokers.TestInvoker.invokeTestMethods(TestInvoker.java:200)\n\tat org.testng.internal.invokers.TestMethodWorker.invokeTestMethods(TestMethodWorker.java:148)\n\tat org.testng.internal.invokers.TestMethodWorker.run(TestMethodWorker.java:128)\n\tat java.base/java.util.ArrayList.forEach(ArrayList.java:1596)\n\tat org.testng.TestRunner.privateRun(TestRunner.java:848)\n\tat org.testng.TestRunner.run(TestRunner.java:621)\n\tat org.testng.SuiteRunner.runTest(SuiteRunner.java:443)\n\tat org.testng.SuiteRunner.runSequentially(SuiteRunner.java:437)\n\tat org.testng.SuiteRunner.privateRun(SuiteRunner.java:397)\n\tat org.testng.SuiteRunner.run(SuiteRunner.java:336)\n\tat org.testng.SuiteRunnerWorker.runSuite(SuiteRunnerWorker.java:52)\n\tat org.testng.SuiteRunnerWorker.run(SuiteRunnerWorker.java:95)\n\tat org.testng.TestNG.runSuitesSequentially(TestNG.java:1280)\n\tat org.testng.TestNG.runSuitesLocally(TestNG.java:1200)\n\tat org.testng.TestNG.runSuites(TestNG.java:1114)\n\tat org.testng.TestNG.run(TestNG.java:1082)\n\tat org.testng.remote.AbstractRemoteTestNG.run(AbstractRemoteTestNG.java:115)\n\tat org.testng.remote.RemoteTestNG.initAndRun(RemoteTestNG.java:251)\n\tat org.testng.remote.RemoteTestNG.main(RemoteTestNG.java:77)\n"},"stage":"finished","steps":[{"name":"Verify element visible By.xpath: (//a[normalize-space()='Registration']/parent::li)/preceding-sibling::li","status":"passed","stage":"finished","steps":[],"attachments":[],"parameters":[{"name":"by","value":"By.xpath: (//a[normalize-space()='Registration']/parent::li)/preceding-sibling::li"},{"name":"timeout","value":"1"}],"start":1698826430552,"stop":1698826430578}],"attachments":[],"parameters":[{"name":"by","value":"By.xpath: (//a[normalize-space()='Registration']/parent::li)/preceding-sibling::li"}],"start":1698826430531,"stop":1698826430609}],"attachments":[{"name":"TC_AddNewAddress_Failed_Screenshot","source":"dc3f3c7a-2e6e-443a-84b5-725e0355e323-attachment"}],"parameters":[{"name":"BROWSER","value":"safari"}],"start":1698826425218,"stop":1698826430758}