{"uuid":"935bc9a3-f8b9-4629-83c3-5e8e638ae607","historyId":"3f5e3bfef503d60081b04adfdd7a516a","fullName":"com.anhtester.projects.cms.testcases.OrderTest.TC_OrderProduct","labels":[{"name":"package","value":"com.anhtester.projects.cms.testcases.OrderTest"},{"name":"testClass","value":"com.anhtester.projects.cms.testcases.OrderTest"},{"name":"testMethod","value":"TC_OrderProduct"},{"name":"parentSuite","value":"Regression Tests CMS (1)"},{"name":"suite","value":"Tests Order Product CMS Safari"},{"name":"subSuite","value":"com.anhtester.projects.cms.testcases.OrderTest"},{"name":"host","value":"Macs-MacBook-Pro.local"},{"name":"thread","value":"1567@Macs-MacBook-Pro.local.TestNG-tests-2(734)"},{"name":"framework","value":"testng"},{"name":"language","value":"java"},{"name":"feature","value":"Order Product Test"},{"name":"epic","value":"Regression Test CMS"}],"links":[],"name":"TC_OrderProduct","status":"broken","statusDetails":{"known":false,"muted":false,"flaky":false,"message":"Build info: version: '4.14.1', revision: '03f8ede370'\nSystem info: os.name: 'Mac OS X', os.arch: 'x86_64', os.version: '10.15.7', java.version: '21'\nDriver info: org.openqa.selenium.safari.SafariDriver\nCommand: [DFA5E287-91C4-4C38-9893-9B3ACF0FE484, clickElement {id=node-0DA4DD7A-ACC7-4DF2-8AB6-263F8D8C1638}]\nCapabilities {acceptInsecureCerts: false, browserName: Safari, browserVersion: 15.6.1, platformName: mac, safari:automaticInspection: false, safari:automaticProfiling: false, safari:diagnose: false, safari:platformBuildVersion: 19H2026, safari:platformVersion: 10.15.7, safari:useSimulator: false, setWindowRect: true, strictFileInteractability: false, webkit:WebRTC: {DisableICECandidateFiltering: false, DisableInsecureMediaCapture: false}}\nElement: [[SafariDriver: Safari on mac (DFA5E287-91C4-4C38-9893-9B3ACF0FE484)] -> xpath: (//a[normalize-space()='Registration']/parent::li)/preceding-sibling::li]\nSession ID: DFA5E287-91C4-4C38-9893-9B3ACF0FE484","trace":"org.openqa.selenium.WebDriverException: Build info: version: '4.14.1', revision: '03f8ede370'\nSystem info: os.name: 'Mac OS X', os.arch: 'x86_64', os.version: '10.15.7', java.version: '21'\nDriver info: org.openqa.selenium.safari.SafariDriver\nCommand: [DFA5E287-91C4-4C38-9893-9B3ACF0FE484, clickElement {id=node-0DA4DD7A-ACC7-4DF2-8AB6-263F8D8C1638}]\nCapabilities {acceptInsecureCerts: false, browserName: Safari, browserVersion: 15.6.1, platformName: mac, safari:automaticInspection: false, safari:automaticProfiling: false, safari:diagnose: false, safari:platformBuildVersion: 19H2026, safari:platformVersion: 10.15.7, safari:useSimulator: false, setWindowRect: true, strictFileInteractability: false, webkit:WebRTC: {DisableICECandidateFiltering: false, DisableInsecureMediaCapture: false}}\nElement: [[SafariDriver: Safari on mac (DFA5E287-91C4-4C38-9893-9B3ACF0FE484)] -> xpath: (//a[normalize-space()='Registration']/parent::li)/preceding-sibling::li]\nSession ID: DFA5E287-91C4-4C38-9893-9B3ACF0FE484\n\tat java.base/jdk.internal.reflect.DirectConstructorHandleAccessor.newInstance(DirectConstructorHandleAccessor.java:62)\n\tat java.base/java.lang.reflect.Constructor.newInstanceWithCaller(Constructor.java:502)\n\tat java.base/java.lang.reflect.Constructor.newInstance(Constructor.java:486)\n\tat org.openqa.selenium.remote.codec.w3c.W3CHttpResponseCodec.createException(W3CHttpResponseCodec.java:200)\n\tat org.openqa.selenium.remote.codec.w3c.W3CHttpResponseCodec.decode(W3CHttpResponseCodec.java:133)\n\tat org.openqa.selenium.remote.codec.w3c.W3CHttpResponseCodec.decode(W3CHttpResponseCodec.java:52)\n\tat org.openqa.selenium.remote.HttpCommandExecutor.execute(HttpCommandExecutor.java:191)\n\tat org.openqa.selenium.remote.service.DriverCommandExecutor.invokeExecute(DriverCommandExecutor.java:200)\n\tat org.openqa.selenium.remote.service.DriverCommandExecutor.execute(DriverCommandExecutor.java:175)\n\tat org.openqa.selenium.remote.RemoteWebDriver.execute(RemoteWebDriver.java:602)\n\tat org.openqa.selenium.remote.RemoteWebElement.execute(RemoteWebElement.java:224)\n\tat org.openqa.selenium.remote.RemoteWebElement.click(RemoteWebElement.java:77)\n\tat com.anhtester.keywords.WebUI.clickElement(WebUI.java:2678)\n\tat com.anhtester.projects.cms.admin.pages.logins.LoginPageCMS.openLoginPage(LoginPageCMS.java:34)\n\tat com.anhtester.projects.cms.admin.pages.logins.LoginPageCMS.loginSuccessWithCustomerAccount(LoginPageCMS.java:86)\n\tat com.anhtester.projects.cms.testcases.OrderTest.TC_OrderProduct(OrderTest.java:18)\n\tat java.base/jdk.internal.reflect.DirectMethodHandleAccessor.invoke(DirectMethodHandleAccessor.java:103)\n\tat java.base/java.lang.reflect.Method.invoke(Method.java:580)\n\tat org.testng.internal.invokers.MethodInvocationHelper.invokeMethod(MethodInvocationHelper.java:139)\n\tat org.testng.internal.invokers.TestInvoker.invokeMethod(TestInvoker.java:664)\n\tat org.testng.internal.invokers.TestInvoker.retryFailed(TestInvoker.java:248)\n\tat org.testng.internal.invokers.MethodRunner.runInSequence(MethodRunner.java:62)\n\tat org.testng.internal.invokers.TestInvoker$MethodInvocationAgent.invoke(TestInvoker.java:957)\n\tat org.testng.internal.invokers.TestInvoker.invokeTestMethods(TestInvoker.java:200)\n\tat org.testng.internal.invokers.TestMethodWorker.invokeTestMethods(TestMethodWorker.java:148)\n\tat org.testng.internal.invokers.TestMethodWorker.run(TestMethodWorker.java:128)\n\tat java.base/java.util.ArrayList.forEach(ArrayList.java:1596)\n\tat org.testng.TestRunner.privateRun(TestRunner.java:848)\n\tat org.testng.TestRunner.run(TestRunner.java:621)\n\tat org.testng.SuiteRunner.runTest(SuiteRunner.java:443)\n\tat org.testng.SuiteRunner$SuiteWorker.run(SuiteRunner.java:481)\n\tat org.testng.internal.thread.ThreadUtil.lambda$execute$0(ThreadUtil.java:58)\n\tat java.base/java.util.concurrent.FutureTask.run(FutureTask.java:317)\n\tat java.base/java.util.concurrent.ThreadPoolExecutor.runWorker(ThreadPoolExecutor.java:1144)\n\tat java.base/java.util.concurrent.ThreadPoolExecutor$Worker.run(ThreadPoolExecutor.java:642)\n\tat java.base/java.lang.Thread.run(Thread.java:1583)\n"},"stage":"finished","steps":[{"name":"Open website with URL https://cms.anhtester.com","status":"passed","stage":"finished","steps":[],"attachments":[{"name":"Open website with URL: https://cms.anhtester.com","source":"66d71115-ebef-4e83-bcd4-bcd7cfef0f3c-attachment","type":"text/plain"}],"parameters":[{"name":"URL","value":"https://cms.anhtester.com"}],"start":1698828377990,"stop":1698828385247},{"name":"Click on the element By.xpath: //button[@data-key='website-popup']","status":"passed","stage":"finished","steps":[{"name":"Verify element visible By.xpath: //button[@data-key='website-popup']","status":"passed","stage":"finished","steps":[],"attachments":[],"parameters":[{"name":"by","value":"By.xpath: //button[@data-key='website-popup']"},{"name":"timeout","value":"1"}],"start":1698828385641,"stop":1698828385719}],"attachments":[{"name":"Clicked on the element By.xpath: //button[@data-key='website-popup']","source":"f108d488-4c9d-495e-9f15-62d0a43735bb-attachment","type":"text/plain"}],"parameters":[{"name":"by","value":"By.xpath: //button[@data-key='website-popup']"}],"start":1698828385247,"stop":1698828385899},{"name":"Click on the element By.xpath: //button[normalize-space()='Ok. I Understood']","status":"passed","stage":"finished","steps":[{"name":"Verify element visible By.xpath: //button[normalize-space()='Ok. I Understood']","status":"passed","stage":"finished","steps":[],"attachments":[],"parameters":[{"name":"by","value":"By.xpath: //button[normalize-space()='Ok. I Understood']"},{"name":"timeout","value":"1"}],"start":1698828386043,"stop":1698828386140}],"attachments":[{"name":"Clicked on the element By.xpath: //button[normalize-space()='Ok. I Understood']","source":"d5aea843-d8a8-4357-91f2-3759800a8a49-attachment","type":"text/plain"}],"parameters":[{"name":"by","value":"By.xpath: //button[normalize-space()='Ok. I Understood']"}],"start":1698828385899,"stop":1698828386322},{"name":"Click on the element By.xpath: (//a[normalize-space()='Registration']/parent::li)/preceding-sibling::li","status":"broken","statusDetails":{"known":false,"muted":false,"flaky":false,"message":"Build info: version: '4.14.1', revision: '03f8ede370'\nSystem info: os.name: 'Mac OS X', os.arch: 'x86_64', os.version: '10.15.7', java.version: '21'\nDriver info: org.openqa.selenium.safari.SafariDriver\nCommand: [DFA5E287-91C4-4C38-9893-9B3ACF0FE484, clickElement {id=node-0DA4DD7A-ACC7-4DF2-8AB6-263F8D8C1638}]\nCapabilities {acceptInsecureCerts: false, browserName: Safari, browserVersion: 15.6.1, platformName: mac, safari:automaticInspection: false, safari:automaticProfiling: false, safari:diagnose: false, safari:platformBuildVersion: 19H2026, safari:platformVersion: 10.15.7, safari:useSimulator: false, setWindowRect: true, strictFileInteractability: false, webkit:WebRTC: {DisableICECandidateFiltering: false, DisableInsecureMediaCapture: false}}\nElement: [[SafariDriver: Safari on mac (DFA5E287-91C4-4C38-9893-9B3ACF0FE484)] -> xpath: (//a[normalize-space()='Registration']/parent::li)/preceding-sibling::li]\nSession ID: DFA5E287-91C4-4C38-9893-9B3ACF0FE484","trace":"org.openqa.selenium.WebDriverException: Build info: version: '4.14.1', revision: '03f8ede370'\nSystem info: os.name: 'Mac OS X', os.arch: 'x86_64', os.version: '10.15.7', java.version: '21'\nDriver info: org.openqa.selenium.safari.SafariDriver\nCommand: [DFA5E287-91C4-4C38-9893-9B3ACF0FE484, clickElement {id=node-0DA4DD7A-ACC7-4DF2-8AB6-263F8D8C1638}]\nCapabilities {acceptInsecureCerts: false, browserName: Safari, browserVersion: 15.6.1, platformName: mac, safari:automaticInspection: false, safari:automaticProfiling: false, safari:diagnose: false, safari:platformBuildVersion: 19H2026, safari:platformVersion: 10.15.7, safari:useSimulator: false, setWindowRect: true, strictFileInteractability: false, webkit:WebRTC: {DisableICECandidateFiltering: false, DisableInsecureMediaCapture: false}}\nElement: [[SafariDriver: Safari on mac (DFA5E287-91C4-4C38-9893-9B3ACF0FE484)] -> xpath: (//a[normalize-space()='Registration']/parent::li)/preceding-sibling::li]\nSession ID: DFA5E287-91C4-4C38-9893-9B3ACF0FE484\n\tat java.base/jdk.internal.reflect.DirectConstructorHandleAccessor.newInstance(DirectConstructorHandleAccessor.java:62)\n\tat java.base/java.lang.reflect.Constructor.newInstanceWithCaller(Constructor.java:502)\n\tat java.base/java.lang.reflect.Constructor.newInstance(Constructor.java:486)\n\tat org.openqa.selenium.remote.codec.w3c.W3CHttpResponseCodec.createException(W3CHttpResponseCodec.java:200)\n\tat org.openqa.selenium.remote.codec.w3c.W3CHttpResponseCodec.decode(W3CHttpResponseCodec.java:133)\n\tat org.openqa.selenium.remote.codec.w3c.W3CHttpResponseCodec.decode(W3CHttpResponseCodec.java:52)\n\tat org.openqa.selenium.remote.HttpCommandExecutor.execute(HttpCommandExecutor.java:191)\n\tat org.openqa.selenium.remote.service.DriverCommandExecutor.invokeExecute(DriverCommandExecutor.java:200)\n\tat org.openqa.selenium.remote.service.DriverCommandExecutor.execute(DriverCommandExecutor.java:175)\n\tat org.openqa.selenium.remote.RemoteWebDriver.execute(RemoteWebDriver.java:602)\n\tat org.openqa.selenium.remote.RemoteWebElement.execute(RemoteWebElement.java:224)\n\tat org.openqa.selenium.remote.RemoteWebElement.click(RemoteWebElement.java:77)\n\tat com.anhtester.keywords.WebUI.clickElement(WebUI.java:2678)\n\tat com.anhtester.projects.cms.admin.pages.logins.LoginPageCMS.openLoginPage(LoginPageCMS.java:34)\n\tat com.anhtester.projects.cms.admin.pages.logins.LoginPageCMS.loginSuccessWithCustomerAccount(LoginPageCMS.java:86)\n\tat com.anhtester.projects.cms.testcases.OrderTest.TC_OrderProduct(OrderTest.java:18)\n\tat java.base/jdk.internal.reflect.DirectMethodHandleAccessor.invoke(DirectMethodHandleAccessor.java:103)\n\tat java.base/java.lang.reflect.Method.invoke(Method.java:580)\n\tat org.testng.internal.invokers.MethodInvocationHelper.invokeMethod(MethodInvocationHelper.java:139)\n\tat org.testng.internal.invokers.TestInvoker.invokeMethod(TestInvoker.java:664)\n\tat org.testng.internal.invokers.TestInvoker.retryFailed(TestInvoker.java:248)\n\tat org.testng.internal.invokers.MethodRunner.runInSequence(MethodRunner.java:62)\n\tat org.testng.internal.invokers.TestInvoker$MethodInvocationAgent.invoke(TestInvoker.java:957)\n\tat org.testng.internal.invokers.TestInvoker.invokeTestMethods(TestInvoker.java:200)\n\tat org.testng.internal.invokers.TestMethodWorker.invokeTestMethods(TestMethodWorker.java:148)\n\tat org.testng.internal.invokers.TestMethodWorker.run(TestMethodWorker.java:128)\n\tat java.base/java.util.ArrayList.forEach(ArrayList.java:1596)\n\tat org.testng.TestRunner.privateRun(TestRunner.java:848)\n\tat org.testng.TestRunner.run(TestRunner.java:621)\n\tat org.testng.SuiteRunner.runTest(SuiteRunner.java:443)\n\tat org.testng.SuiteRunner$SuiteWorker.run(SuiteRunner.java:481)\n\tat org.testng.internal.thread.ThreadUtil.lambda$execute$0(ThreadUtil.java:58)\n\tat java.base/java.util.concurrent.FutureTask.run(FutureTask.java:317)\n\tat java.base/java.util.concurrent.ThreadPoolExecutor.runWorker(ThreadPoolExecutor.java:1144)\n\tat java.base/java.util.concurrent.ThreadPoolExecutor$Worker.run(ThreadPoolExecutor.java:642)\n\tat java.base/java.lang.Thread.run(Thread.java:1583)\n"},"stage":"finished","steps":[{"name":"Verify element visible By.xpath: (//a[normalize-space()='Registration']/parent::li)/preceding-sibling::li","status":"passed","stage":"finished","steps":[],"attachments":[],"parameters":[{"name":"by","value":"By.xpath: (//a[normalize-space()='Registration']/parent::li)/preceding-sibling::li"},{"name":"timeout","value":"1"}],"start":1698828386349,"stop":1698828386379}],"attachments":[],"parameters":[{"name":"by","value":"By.xpath: (//a[normalize-space()='Registration']/parent::li)/preceding-sibling::li"}],"start":1698828386322,"stop":1698828386414}],"attachments":[{"name":"TC_OrderProduct_Failed_Screenshot","source":"feb54e12-5063-4d9b-aa31-a78f29ba1753-attachment"}],"parameters":[{"name":"BROWSER","value":"safari"}],"start":1698828377556,"stop":1698828386591}