<!DOCTYPE html PUBLIC "-//W3C//DTD XHTML 1.1//EN" "https://www.w3.org/TR/xhtml11/DTD/xhtml11.dtd">
<html xmlns="https://www.w3.org/1999/xhtml">
<head>
<meta http-equiv="content-type" content="text/html; charset=UTF-8"/>
<title>TestNG Report</title>
<style type="text/css">table {margin-bottom:10px;border-collapse:collapse;empty-cells:show}th,td {border:1px solid #009;padding:.25em .5em}th {vertical-align:bottom}td {vertical-align:top}table a {font-weight:bold}.stripe td {background-color: #E6EBF9}.num {text-align:right}.passedodd td {background-color: #3F3}.passedeven td {background-color: #0A0}.skippedodd td {background-color: #DDD}.skippedeven td {background-color: #CCC}.failedodd td,.attn {background-color: #F33}.failedeven td,.stripe .attn {background-color: #D00}.stacktrace {white-space:pre;font-family:monospace}.totop {font-size:85%;text-align:center;border-bottom:2px solid #000}.invisible {display:none}</style>
</head>
<body>
<table>
<tr><th>Test</th><th># Passed</th><th># Skipped</th><th># Retried</th><th># Failed</th><th>Time (ms)</th><th>Included Groups</th><th>Excluded Groups</th></tr>
<tr><th colspan="8">Regression Tests CMS</th></tr>
<tr><td><a href="#t0">Login Test CMS Chrome</a></td><td class="num">5</td><td class="num">0</td><td class="num">0</td><td class="num">0</td><td class="num">53,028</td><td></td><td></td></tr>
<tr><th colspan="8">Regression Test CRM and CMS</th></tr>
<tr><th colspan="8">Regression Tests CRM</th></tr>
<tr class="stripe"><td><a href="#t1">SignIn Test</a></td><td class="num">5</td><td class="num">0</td><td class="num">0</td><td class="num">0</td><td class="num">56,036</td><td></td><td></td></tr>
<tr><th colspan="8">Regression Tests CRM (0)</th></tr>
<tr><td><a href="#t2">Client Test on Chrome</a></td><td class="num">3</td><td class="num">0</td><td class="num">0</td><td class="num">0</td><td class="num">65,916</td><td></td><td></td></tr>
<tr><th colspan="8">Regression Tests CMS (0)</th></tr>
<tr class="stripe"><td><a href="#t3">Tests Add Product CMS Chrome</a></td><td class="num">0</td><td class="num">0</td><td class="num attn">1</td><td class="num attn">1</td><td class="num">57,185</td><td></td><td></td></tr>
<tr><th colspan="8">Regression Tests CMS (1)</th></tr>
<tr><td><a href="#t4">Tests Order Product CMS Chrome</a></td><td class="num">0</td><td class="num">0</td><td class="num attn">1</td><td class="num attn">1</td><td class="num">119,233</td><td></td><td></td></tr>
<tr><th>Total</th><th class="num">13</th><th class="num">0</th><th class="num attn">2</th><th class="num attn">2</th><th class="num">351,398</th><th colspan="2"></th></tr>
</table>
<table id='summary'><thead><tr><th>Class</th><th>Method</th><th>Start</th><th>Time (ms)</th></tr></thead><tbody><tr><th colspan="4">Regression Tests CMS</th></tr></tbody><tbody id="t0"><tr><th colspan="4">Login Test CMS Chrome &#8212; passed</th></tr><tr class="passedeven"><td rowspan="5">com.anhtester.projects.cms.testcases.LoginTest</td><td><a href="#m0">TC_LoginFailWithEmailDoesNotExist</a></td><td rowspan="1">1698901995960</td><td rowspan="1">41993</td></tr><tr class="passedeven"><td><a href="#m1">TC_LoginFailWithEmailNull</a></td><td rowspan="1">1698901996120</td><td rowspan="1">34084</td></tr><tr class="passedeven"><td><a href="#m2">TC_LoginFailWithIncorrectPassword</a></td><td rowspan="1">1698901995933</td><td rowspan="1">38594</td></tr><tr class="passedeven"><td><a href="#m3">TC_LoginFailWithNullPassword</a></td><td rowspan="1">1698901996037</td><td rowspan="1">41351</td></tr><tr class="passedeven"><td><a href="#m4">TC_LoginSuccessWithCustomerAccount</a></td><td rowspan="1">1698901995885</td><td rowspan="1">43184</td></tr></tbody>
<tbody><tr><th colspan="4">Regression Test CRM and CMS</th></tr></tbody><tbody><tr><th colspan="4">Regression Tests CRM</th></tr></tbody><tbody id="t1"><tr><th colspan="4">SignIn Test &#8212; passed</th></tr><tr class="passedeven"><td rowspan="5">com.anhtester.projects.crm.testcases.SignInTest</td><td><a href="#m5">loginPerfexCRM</a></td><td rowspan="1">1698901857341</td><td rowspan="1">37151</td></tr><tr class="passedeven"><td><a href="#m6">signInWithAdminRole</a></td><td rowspan="1">1698901857342</td><td rowspan="1">29305</td></tr><tr class="passedeven"><td><a href="#m7">signInWithClientRole</a></td><td rowspan="1">1698901857316</td><td rowspan="1">26031</td></tr><tr class="passedeven"><td><a href="#m8">signInWithDataProvider</a></td><td rowspan="2">1698901864926</td><td rowspan="2">32863</td></tr><tr class="passedeven"><td><a href="#m9">signInWithDataProvider</a></td></tr></tbody>
<tbody><tr><th colspan="4">Regression Tests CRM (0)</th></tr></tbody><tbody id="t2"><tr><th colspan="4">Client Test on Chrome &#8212; passed</th></tr><tr class="passedeven"><td rowspan="3">com.anhtester.projects.crm.testcases.ClientTest</td><td><a href="#m10">testAddClient</a></td><td rowspan="2">1698901921077</td><td rowspan="2">58193</td></tr><tr class="passedeven"><td><a href="#m11">testAddClient</a></td></tr><tr class="passedeven"><td><a href="#m12">testSearchClient</a></td><td rowspan="1">1698901920965</td><td rowspan="1">59140</td></tr></tbody>
<tbody><tr><th colspan="4">Regression Tests CMS (0)</th></tr></tbody><tbody id="t3"><tr><th colspan="4">Tests Add Product CMS Chrome &#8212; failed</th></tr><tr class="failedeven"><td rowspan="1">com.anhtester.projects.cms.testcases.AddProductTest</td><td><a href="#m13">TC_AddNewProductAdmin</a></td><td rowspan="1">1698902077310</td><td rowspan="1">22481</td></tr><tr><th colspan="4">Tests Add Product CMS Chrome &#8212; retried</th></tr><tr class="retriedeven"><td rowspan="1">com.anhtester.projects.cms.testcases.AddProductTest</td><td><a href="#m14">TC_AddNewProductAdmin</a></td><td rowspan="1">1698902052985</td><td rowspan="1">19271</td></tr></tbody>
<tbody><tr><th colspan="4">Regression Tests CMS (1)</th></tr></tbody><tbody id="t4"><tr><th colspan="4">Tests Order Product CMS Chrome &#8212; failed</th></tr><tr class="failedeven"><td rowspan="1">com.anhtester.projects.cms.testcases.OrderTest</td><td><a href="#m15">TC_OrderProduct</a></td><td rowspan="1">1698902162434</td><td rowspan="1">65473</td></tr><tr><th colspan="4">Tests Order Product CMS Chrome &#8212; retried</th></tr><tr class="retriedeven"><td rowspan="1">com.anhtester.projects.cms.testcases.OrderTest</td><td><a href="#m16">TC_OrderProduct</a></td><td rowspan="1">1698902114242</td><td rowspan="1">43018</td></tr></tbody>
</table>
<h2>Login Test CMS Chrome</h2><h3 id="m0">com.anhtester.projects.cms.testcases.LoginTest#TC_LoginFailWithEmailDoesNotExist</h3><table class="result"><tr><th class="invisible"/></tr></table><p class="totop"><a href="#summary">back to summary</a></p>
<h3 id="m1">com.anhtester.projects.cms.testcases.LoginTest#TC_LoginFailWithEmailNull</h3><table class="result"><tr><th class="invisible"/></tr></table><p class="totop"><a href="#summary">back to summary</a></p>
<h3 id="m2">com.anhtester.projects.cms.testcases.LoginTest#TC_LoginFailWithIncorrectPassword</h3><table class="result"><tr><th class="invisible"/></tr></table><p class="totop"><a href="#summary">back to summary</a></p>
<h3 id="m3">com.anhtester.projects.cms.testcases.LoginTest#TC_LoginFailWithNullPassword</h3><table class="result"><tr><th class="invisible"/></tr></table><p class="totop"><a href="#summary">back to summary</a></p>
<h3 id="m4">com.anhtester.projects.cms.testcases.LoginTest#TC_LoginSuccessWithCustomerAccount</h3><table class="result"><tr><th class="invisible"/></tr></table><p class="totop"><a href="#summary">back to summary</a></p>
<h2>SignIn Test</h2><h3 id="m5">com.anhtester.projects.crm.testcases.SignInTest#loginPerfexCRM</h3><table class="result"><tr><th class="invisible"/></tr></table><p class="totop"><a href="#summary">back to summary</a></p>
<h3 id="m6">com.anhtester.projects.crm.testcases.SignInTest#signInWithAdminRole</h3><table class="result"><tr><th class="invisible"/></tr></table><p class="totop"><a href="#summary">back to summary</a></p>
<h3 id="m7">com.anhtester.projects.crm.testcases.SignInTest#signInWithClientRole</h3><table class="result"><tr><th class="invisible"/></tr></table><p class="totop"><a href="#summary">back to summary</a></p>
<h3 id="m8">com.anhtester.projects.crm.testcases.SignInTest#signInWithDataProvider</h3><table class="result"><tr class="param"><th>Parameter #1</th></tr><tr class="param stripe"><td>{EMAIL=admin@demo.com, EXPECTED_ERROR=, EXPECTED_URL=, TESTCASENAME=testSignInData, EXPECTED_TITLE=, PASSWORD=dw5AQDhu9+WsEsWisMJISA==}</td></tr></table><p class="totop"><a href="#summary">back to summary</a></p>
<h3 id="m9">com.anhtester.projects.crm.testcases.SignInTest#signInWithDataProvider</h3><table class="result"><tr class="param"><th>Parameter #1</th></tr><tr class="param stripe"><td>{EMAIL=client@demo.com, EXPECTED_ERROR=, EXPECTED_URL=, TESTCASENAME=testSignInData, EXPECTED_TITLE=, PASSWORD=dw5AQDhu9+WsEsWisMJISA==}</td></tr></table><p class="totop"><a href="#summary">back to summary</a></p>
<h2>Client Test on Chrome</h2><h3 id="m10">com.anhtester.projects.crm.testcases.ClientTest#testAddClient</h3><table class="result"><tr class="param"><th>Parameter #1</th></tr><tr class="param stripe"><td>{ADDRESS=Address 2, APPLICATION=HRM, PHONE=123456, CITY=Rochester, STATUS=, CLIENT_GROUP=Gold, VAT=30, TESTCASENAME=testAddClient, WEBSITE=https://anhtester.com, COMPANY_NAME=Anh Tester Client 0108A2, COUNTRY=USA, ZIP=1002, STATE=SA, OWNER=Richard Gray}</td></tr></table><p class="totop"><a href="#summary">back to summary</a></p>
<h3 id="m11">com.anhtester.projects.crm.testcases.ClientTest#testAddClient</h3><table class="result"><tr class="param"><th>Parameter #1</th></tr><tr class="param stripe"><td>{ADDRESS=Address 1, APPLICATION=CRM, PHONE=123456, CITY=Rochester, STATUS=, CLIENT_GROUP=VIP, VAT=10, TESTCASENAME=testAddClient, WEBSITE=https://anhtester.com, COMPANY_NAME=Anh Tester Client 0108A1, COUNTRY=USA, ZIP=1001, STATE=SA, OWNER=Mark Thomas}</td></tr></table><p class="totop"><a href="#summary">back to summary</a></p>
<h3 id="m12">com.anhtester.projects.crm.testcases.ClientTest#testSearchClient</h3><table class="result"><tr><th class="invisible"/></tr></table><p class="totop"><a href="#summary">back to summary</a></p>
<h2>Tests Add Product CMS Chrome</h2><h3 id="m13">com.anhtester.projects.cms.testcases.AddProductTest#TC_AddNewProductAdmin</h3><table class="result"><tr class="param"><th>Parameter #1</th></tr><tr class="param stripe"><td>{category=Pie, image=gio-qua-2.jpg, quantity=300, weight=1500, unitPrice=500000, productName=Giỏ quà Tết, unit=g, description=Giỏ Quà Tết cao cấp, sang trọng dành cho mùa Tết 2024, hứa hẹn sẽ là món quà tinh thần ý nghĩa nhất cho người thân, discount=2, discountDate=01-01-2023 00:00:00 to 31-01-2024 00:00:00, tags=quatet}</td></tr><tr><th>Exception</th></tr><tr><td><div class="stacktrace">org.openqa.selenium.InvalidArgumentException: invalid argument: File not found : /Users/mac/eclipse-workspace/AutomationFrameworkSelenium/src\test\resources\testdataCMS\gio-qua-2.jpg
  (Session info: chrome=118.0.5993.117)
Build info: version: &apos;4.14.1&apos;, revision: &apos;03f8ede370&apos;
System info: os.name: &apos;Mac OS X&apos;, os.arch: &apos;x86_64&apos;, os.version: &apos;10.15.7&apos;, java.version: &apos;21&apos;
Driver info: org.openqa.selenium.chrome.ChromeDriver
Command: [bf32e7cf936c7bf104c31651492bd736, sendKeysToElement {id=F88FE127B50F1213D6C61C89185BAE03_element_120, value=[Ljava.lang.CharSequence;@1ea4a6b7}]
Capabilities {acceptInsecureCerts: false, browserName: chrome, browserVersion: 118.0.5993.117, chrome: {chromedriverVersion: 118.0.5993.70 (e52f33f30b91..., userDataDir: /var/folders/n5/8_wzkl796_n...}, fedcm:accounts: true, goog:chromeOptions: {debuggerAddress: localhost:52909}, networkConnectionEnabled: false, pageLoadStrategy: normal, platformName: mac, proxy: Proxy(), se:cdp: ws://localhost:52909/devtoo..., se:cdpVersion: 118.0.5993.117, setWindowRect: true, strictFileInteractability: false, timeouts: {implicit: 0, pageLoad: 300000, script: 30000}, unhandledPromptBehavior: dismiss and notify, webauthn:extension:credBlob: true, webauthn:extension:largeBlob: true, webauthn:extension:minPinLength: true, webauthn:extension:prf: true, webauthn:virtualAuthenticators: true}
Element: [[ChromeDriver: chrome on mac (bf32e7cf936c7bf104c31651492bd736)] -&gt; xpath: //input[@class = &apos;uppy-Dashboard-input&apos;]]
Session ID: bf32e7cf936c7bf104c31651492bd736
	at org.openqa.selenium.remote.codec.w3c.W3CHttpResponseCodec.createException(W3CHttpResponseCodec.java:200)
	at org.openqa.selenium.remote.codec.w3c.W3CHttpResponseCodec.decode(W3CHttpResponseCodec.java:133)
	at org.openqa.selenium.remote.codec.w3c.W3CHttpResponseCodec.decode(W3CHttpResponseCodec.java:52)
	at org.openqa.selenium.remote.HttpCommandExecutor.execute(HttpCommandExecutor.java:191)
	at org.openqa.selenium.remote.service.DriverCommandExecutor.invokeExecute(DriverCommandExecutor.java:200)
	at org.openqa.selenium.remote.service.DriverCommandExecutor.execute(DriverCommandExecutor.java:175)
	at org.openqa.selenium.remote.RemoteWebDriver.execute(RemoteWebDriver.java:602)
	at org.openqa.selenium.remote.RemoteWebElement.execute(RemoteWebElement.java:224)
	at org.openqa.selenium.remote.RemoteWebElement.sendKeys(RemoteWebElement.java:111)
	at com.anhtester.projects.cms.admin.pages.products.AddProductPage.addProduct(AddProductPage.java:84)
	at com.anhtester.projects.cms.testcases.AddProductTest.TC_AddNewProductAdmin(AddProductTest.java:24)
	at java.base/java.util.concurrent.ThreadPoolExecutor.runWorker(ThreadPoolExecutor.java:1144)
	at java.base/java.util.concurrent.ThreadPoolExecutor$Worker.run(ThreadPoolExecutor.java:642)
	at java.base/java.lang.Thread.run(Thread.java:1583)
... Removed 13 stack frames</div></td></tr></table><p class="totop"><a href="#summary">back to summary</a></p>
<h3 id="m14">com.anhtester.projects.cms.testcases.AddProductTest#TC_AddNewProductAdmin</h3><table class="result"><tr class="param"><th>Parameter #1</th></tr><tr class="param stripe"><td>{category=Pie, image=gio-qua-2.jpg, quantity=300, weight=1500, unitPrice=500000, productName=Giỏ quà Tết, unit=g, description=Giỏ Quà Tết cao cấp, sang trọng dành cho mùa Tết 2024, hứa hẹn sẽ là món quà tinh thần ý nghĩa nhất cho người thân, discount=2, discountDate=01-01-2023 00:00:00 to 31-01-2024 00:00:00, tags=quatet}</td></tr><tr><th>Exception</th></tr><tr><td><div class="stacktrace">org.openqa.selenium.InvalidArgumentException: invalid argument: File not found : /Users/mac/eclipse-workspace/AutomationFrameworkSelenium/src\test\resources\testdataCMS\gio-qua-2.jpg
  (Session info: chrome=118.0.5993.117)
Build info: version: &apos;4.14.1&apos;, revision: &apos;03f8ede370&apos;
System info: os.name: &apos;Mac OS X&apos;, os.arch: &apos;x86_64&apos;, os.version: &apos;10.15.7&apos;, java.version: &apos;21&apos;
Driver info: org.openqa.selenium.chrome.ChromeDriver
Command: [7424468843c7d016b46002c5221a95f5, sendKeysToElement {id=A5A058D6EFDB4A68F1C4422A7B8189B5_element_157, value=[Ljava.lang.CharSequence;@113b2d20}]
Capabilities {acceptInsecureCerts: false, browserName: chrome, browserVersion: 118.0.5993.117, chrome: {chromedriverVersion: 118.0.5993.70 (e52f33f30b91..., userDataDir: /var/folders/n5/8_wzkl796_n...}, fedcm:accounts: true, goog:chromeOptions: {debuggerAddress: localhost:52889}, networkConnectionEnabled: false, pageLoadStrategy: normal, platformName: mac, proxy: Proxy(), se:cdp: ws://localhost:52889/devtoo..., se:cdpVersion: 118.0.5993.117, setWindowRect: true, strictFileInteractability: false, timeouts: {implicit: 0, pageLoad: 300000, script: 30000}, unhandledPromptBehavior: dismiss and notify, webauthn:extension:credBlob: true, webauthn:extension:largeBlob: true, webauthn:extension:minPinLength: true, webauthn:extension:prf: true, webauthn:virtualAuthenticators: true}
Element: [[ChromeDriver: chrome on mac (7424468843c7d016b46002c5221a95f5)] -&gt; xpath: //input[@class = &apos;uppy-Dashboard-input&apos;]]
Session ID: 7424468843c7d016b46002c5221a95f5
	at org.openqa.selenium.remote.codec.w3c.W3CHttpResponseCodec.createException(W3CHttpResponseCodec.java:200)
	at org.openqa.selenium.remote.codec.w3c.W3CHttpResponseCodec.decode(W3CHttpResponseCodec.java:133)
	at org.openqa.selenium.remote.codec.w3c.W3CHttpResponseCodec.decode(W3CHttpResponseCodec.java:52)
	at org.openqa.selenium.remote.HttpCommandExecutor.execute(HttpCommandExecutor.java:191)
	at org.openqa.selenium.remote.service.DriverCommandExecutor.invokeExecute(DriverCommandExecutor.java:200)
	at org.openqa.selenium.remote.service.DriverCommandExecutor.execute(DriverCommandExecutor.java:175)
	at org.openqa.selenium.remote.RemoteWebDriver.execute(RemoteWebDriver.java:602)
	at org.openqa.selenium.remote.RemoteWebElement.execute(RemoteWebElement.java:224)
	at org.openqa.selenium.remote.RemoteWebElement.sendKeys(RemoteWebElement.java:111)
	at com.anhtester.projects.cms.admin.pages.products.AddProductPage.addProduct(AddProductPage.java:84)
	at com.anhtester.projects.cms.testcases.AddProductTest.TC_AddNewProductAdmin(AddProductTest.java:24)
	at java.base/java.util.concurrent.ThreadPoolExecutor.runWorker(ThreadPoolExecutor.java:1144)
	at java.base/java.util.concurrent.ThreadPoolExecutor$Worker.run(ThreadPoolExecutor.java:642)
	at java.base/java.lang.Thread.run(Thread.java:1583)
... Removed 13 stack frames</div></td></tr></table><p class="totop"><a href="#summary">back to summary</a></p>
<h2>Tests Order Product CMS Chrome</h2><h3 id="m15">com.anhtester.projects.cms.testcases.OrderTest#TC_OrderProduct</h3><table class="result"><tr><th>Exception</th></tr><tr><td><div class="stacktrace">java.lang.AssertionError: Add to cart is failedBy.xpath: //h3[normalize-space()=&apos;Item added to your cart!&apos;]
	at com.anhtester.keywords.WebUI.verifyElementVisible(WebUI.java:2068)
	at com.anhtester.projects.cms.users.pages.order.OrderPage.order(OrderPage.java:73)
	at com.anhtester.projects.cms.testcases.OrderTest.TC_OrderProduct(OrderTest.java:19)
	at java.base/java.util.concurrent.ThreadPoolExecutor.runWorker(ThreadPoolExecutor.java:1144)
	at java.base/java.util.concurrent.ThreadPoolExecutor$Worker.run(ThreadPoolExecutor.java:642)
	at java.base/java.lang.Thread.run(Thread.java:1583)
... Removed 11 stack frames</div></td></tr></table><p class="totop"><a href="#summary">back to summary</a></p>
<h3 id="m16">com.anhtester.projects.cms.testcases.OrderTest#TC_OrderProduct</h3><table class="result"><tr><th>Exception</th></tr><tr><td><div class="stacktrace">java.lang.AssertionError: Add to cart is failed. By.xpath: //h3[normalize-space()=&apos;Item added to your cart!&apos;]
	at com.anhtester.keywords.WebUI.verifyElementVisible(WebUI.java:2068)
	at com.anhtester.projects.cms.users.pages.order.OrderPage.order(OrderPage.java:55)
	at com.anhtester.projects.cms.testcases.OrderTest.TC_OrderProduct(OrderTest.java:19)
	at java.base/java.util.concurrent.ThreadPoolExecutor.runWorker(ThreadPoolExecutor.java:1144)
	at java.base/java.util.concurrent.ThreadPoolExecutor$Worker.run(ThreadPoolExecutor.java:642)
	at java.base/java.lang.Thread.run(Thread.java:1583)
... Removed 11 stack frames</div></td></tr></table><p class="totop"><a href="#summary">back to summary</a></p>
</body>
</html>
